12-Mar-2024 12:43:05.155 INFO [main] org.apache.catalina.startup.VersionLoggerListener.log Server version name:   Apache Tomcat/9.0.86
12-Mar-2024 12:43:05.171 INFO [main] org.apache.catalina.startup.VersionLoggerListener.log Server built:          Feb 14 2024 08:15:12 UTC
12-Mar-2024 12:43:05.171 INFO [main] org.apache.catalina.startup.VersionLoggerListener.log Server version number: 9.0.86.0
12-Mar-2024 12:43:05.171 INFO [main] org.apache.catalina.startup.VersionLoggerListener.log OS Name:               Windows 11
12-Mar-2024 12:43:05.171 INFO [main] org.apache.catalina.startup.VersionLoggerListener.log OS Version:            10.0
12-Mar-2024 12:43:05.171 INFO [main] org.apache.catalina.startup.VersionLoggerListener.log Architecture:          amd64
12-Mar-2024 12:43:05.172 INFO [main] org.apache.catalina.startup.VersionLoggerListener.log Java Home:             D:\APPS\Java
12-Mar-2024 12:43:05.172 INFO [main] org.apache.catalina.startup.VersionLoggerListener.log JVM Version:           17.0.7+8-LTS-224
12-Mar-2024 12:43:05.172 INFO [main] org.apache.catalina.startup.VersionLoggerListener.log JVM Vendor:            Oracle Corporation
12-Mar-2024 12:43:05.172 INFO [main] org.apache.catalina.startup.VersionLoggerListener.log CATALINA_BASE:         D:\GIT\food-waste-reduction-platform\root\dependencies\apache-tomcat-9.0.86
12-Mar-2024 12:43:05.172 INFO [main] org.apache.catalina.startup.VersionLoggerListener.log CATALINA_HOME:         D:\GIT\food-waste-reduction-platform\root\dependencies\apache-tomcat-9.0.86
12-Mar-2024 12:43:05.185 INFO [main] org.apache.catalina.startup.VersionLoggerListener.log Command line argument: --add-opens=java.base/java.lang=ALL-UNNAMED
12-Mar-2024 12:43:05.185 INFO [main] org.apache.catalina.startup.VersionLoggerListener.log Command line argument: --add-opens=java.base/java.io=ALL-UNNAMED
12-Mar-2024 12:43:05.185 INFO [main] org.apache.catalina.startup.VersionLoggerListener.log Command line argument: --add-opens=java.base/java.util=ALL-UNNAMED
12-Mar-2024 12:43:05.185 INFO [main] org.apache.catalina.startup.VersionLoggerListener.log Command line argument: --add-opens=java.base/java.util.concurrent=ALL-UNNAMED
12-Mar-2024 12:43:05.186 INFO [main] org.apache.catalina.startup.VersionLoggerListener.log Command line argument: --add-opens=java.rmi/sun.rmi.transport=ALL-UNNAMED
12-Mar-2024 12:43:05.186 INFO [main] org.apache.catalina.startup.VersionLoggerListener.log Command line argument: -Djava.util.logging.config.file=D:\GIT\food-waste-reduction-platform\root\dependencies\apache-tomcat-9.0.86\conf\logging.properties
12-Mar-2024 12:43:05.186 INFO [main] org.apache.catalina.startup.VersionLoggerListener.log Command line argument: -Djava.util.logging.manager=org.apache.juli.ClassLoaderLogManager
12-Mar-2024 12:43:05.186 INFO [main] org.apache.catalina.startup.VersionLoggerListener.log Command line argument: -Djdk.tls.ephemeralDHKeySize=2048
12-Mar-2024 12:43:05.186 INFO [main] org.apache.catalina.startup.VersionLoggerListener.log Command line argument: -Djava.protocol.handler.pkgs=org.apache.catalina.webresources
12-Mar-2024 12:43:05.186 INFO [main] org.apache.catalina.startup.VersionLoggerListener.log Command line argument: -Dignore.endorsed.dirs=
12-Mar-2024 12:43:05.186 INFO [main] org.apache.catalina.startup.VersionLoggerListener.log Command line argument: -Dcatalina.base=D:\GIT\food-waste-reduction-platform\root\dependencies\apache-tomcat-9.0.86
12-Mar-2024 12:43:05.186 INFO [main] org.apache.catalina.startup.VersionLoggerListener.log Command line argument: -Dcatalina.home=D:\GIT\food-waste-reduction-platform\root\dependencies\apache-tomcat-9.0.86
12-Mar-2024 12:43:05.187 INFO [main] org.apache.catalina.startup.VersionLoggerListener.log Command line argument: -Djava.io.tmpdir=D:\GIT\food-waste-reduction-platform\root\dependencies\apache-tomcat-9.0.86\temp
12-Mar-2024 12:43:05.195 INFO [main] org.apache.catalina.core.AprLifecycleListener.lifecycleEvent The Apache Tomcat Native library which allows using OpenSSL was not found on the java.library.path: [D:\APPS\Java\bin;C:\WINDOWS\Sun\Java\bin;C:\WINDOWS\system32;C:\WINDOWS;D:\oracle\install\bin;C:\Program Files\Common Files\Oracle\Java\javapath;C:\Windows\system32;C:\Windows;C:\Windows\System32\Wbem;C:\Windows\System32\WindowsPowerShell\v1.0\;C:\Windows\System32\OpenSSH\;C:\Program Files (x86)\NVIDIA Corporation\PhysX\Common;C:\Program Files\NVIDIA Corporation\NVIDIA NvDLISR;C:\WINDOWS\system32;C:\WINDOWS;C:\WINDOWS\System32\Wbem;C:\WINDOWS\System32\WindowsPowerShell\v1.0\;C:\WINDOWS\System32\OpenSSH\;C:\ProgramData\chocolatey\bin;C:\Program Files\Git\cmd;C:\Program Files\dotnet\;C:\Program Files\PowerShell\7\;D:\APPS\Git LFS;C:\Users\ahmad\AppData\Local\Programs\Python\Python312\Scripts\;C:\Users\ahmad\AppData\Local\Programs\Python\Python312\;C:\Users\ahmad\AppData\Local\Microsoft\WindowsApps;;C:\Users\ahmad\AppData\Local\Programs\Microsoft VS Code\bin;C:\Users\ahmad\Documents\PowerShell\Scripts;.]
12-Mar-2024 12:43:05.576 INFO [main] org.apache.coyote.AbstractProtocol.init Initializing ProtocolHandler ["http-nio-8080"]
12-Mar-2024 12:43:05.602 INFO [main] org.apache.catalina.startup.Catalina.load Server initialization in [914] milliseconds
12-Mar-2024 12:43:05.677 INFO [main] org.apache.catalina.core.StandardService.startInternal Starting service [Catalina]
12-Mar-2024 12:43:05.678 INFO [main] org.apache.catalina.core.StandardEngine.startInternal Starting Servlet engine: [Apache Tomcat/9.0.86]
12-Mar-2024 12:43:05.690 INFO [main] org.apache.catalina.startup.HostConfig.deployDescriptor Deploying deployment descriptor [D:\GIT\food-waste-reduction-platform\root\dependencies\apache-tomcat-9.0.86\conf\Catalina\localhost\W09 - 1-SampleFormProj.xml]
12-Mar-2024 12:43:05.705 WARNING [main] org.apache.catalina.startup.HostConfig.deployDescriptor The path attribute with value [/W09 - 1-SampleFormProj] in deployment descriptor [D:\GIT\food-waste-reduction-platform\root\dependencies\apache-tomcat-9.0.86\conf\Catalina\localhost\W09 - 1-SampleFormProj.xml] has been ignored
12-Mar-2024 12:43:06.163 INFO [main] org.apache.catalina.startup.HostConfig.deployDescriptor Deployment of deployment descriptor [D:\GIT\food-waste-reduction-platform\root\dependencies\apache-tomcat-9.0.86\conf\Catalina\localhost\W09 - 1-SampleFormProj.xml] has finished in [472] ms
12-Mar-2024 12:43:06.163 INFO [main] org.apache.catalina.startup.HostConfig.deployDescriptor Deploying deployment descriptor [D:\GIT\food-waste-reduction-platform\root\dependencies\apache-tomcat-9.0.86\conf\Catalina\localhost\W09 - SampleFormProj_2.xml]
12-Mar-2024 12:43:06.164 WARNING [main] org.apache.catalina.startup.HostConfig.deployDescriptor The path attribute with value [/W09 - SampleFormProj_2] in deployment descriptor [D:\GIT\food-waste-reduction-platform\root\dependencies\apache-tomcat-9.0.86\conf\Catalina\localhost\W09 - SampleFormProj_2.xml] has been ignored
12-Mar-2024 12:43:06.206 INFO [main] org.apache.catalina.startup.HostConfig.deployDescriptor Deployment of deployment descriptor [D:\GIT\food-waste-reduction-platform\root\dependencies\apache-tomcat-9.0.86\conf\Catalina\localhost\W09 - SampleFormProj_2.xml] has finished in [43] ms
12-Mar-2024 12:43:06.206 INFO [main] org.apache.catalina.startup.HostConfig.deployDescriptor Deploying deployment descriptor [D:\GIT\food-waste-reduction-platform\root\dependencies\apache-tomcat-9.0.86\conf\Catalina\localhost\W10 - 3-StanPieda-BooksServlet.xml]
12-Mar-2024 12:43:06.206 WARNING [main] org.apache.catalina.startup.HostConfig.deployDescriptor The path attribute with value [/W10 - 3-StanPieda-BooksServlet] in deployment descriptor [D:\GIT\food-waste-reduction-platform\root\dependencies\apache-tomcat-9.0.86\conf\Catalina\localhost\W10 - 3-StanPieda-BooksServlet.xml] has been ignored
12-Mar-2024 12:43:06.250 INFO [main] org.apache.catalina.startup.HostConfig.deployDescriptor Deployment of deployment descriptor [D:\GIT\food-waste-reduction-platform\root\dependencies\apache-tomcat-9.0.86\conf\Catalina\localhost\W10 - 3-StanPieda-BooksServlet.xml] has finished in [44] ms
12-Mar-2024 12:43:06.250 INFO [main] org.apache.catalina.startup.HostConfig.deployDescriptor Deploying deployment descriptor [D:\GIT\food-waste-reduction-platform\root\dependencies\apache-tomcat-9.0.86\conf\Catalina\localhost\W10 - 4-StanPieda-BooksServlet_2.xml]
12-Mar-2024 12:43:06.267 WARNING [main] org.apache.catalina.startup.HostConfig.deployDescriptor The path attribute with value [/W10 - 4-StanPieda-BooksServlet_2] in deployment descriptor [D:\GIT\food-waste-reduction-platform\root\dependencies\apache-tomcat-9.0.86\conf\Catalina\localhost\W10 - 4-StanPieda-BooksServlet_2.xml] has been ignored
12-Mar-2024 12:43:06.332 INFO [main] org.apache.catalina.startup.HostConfig.deployDescriptor Deployment of deployment descriptor [D:\GIT\food-waste-reduction-platform\root\dependencies\apache-tomcat-9.0.86\conf\Catalina\localhost\W10 - 4-StanPieda-BooksServlet_2.xml] has finished in [82] ms
12-Mar-2024 12:43:06.332 INFO [main] org.apache.catalina.startup.HostConfig.deployDescriptor Deploying deployment descriptor [D:\GIT\food-waste-reduction-platform\root\dependencies\apache-tomcat-9.0.86\conf\Catalina\localhost\W10 - ShowSessionProj.xml]
12-Mar-2024 12:43:06.333 WARNING [main] org.apache.catalina.startup.HostConfig.deployDescriptor The path attribute with value [/W10 - ShowSessionProj] in deployment descriptor [D:\GIT\food-waste-reduction-platform\root\dependencies\apache-tomcat-9.0.86\conf\Catalina\localhost\W10 - ShowSessionProj.xml] has been ignored
12-Mar-2024 12:43:06.386 INFO [main] org.apache.catalina.startup.HostConfig.deployDescriptor Deployment of deployment descriptor [D:\GIT\food-waste-reduction-platform\root\dependencies\apache-tomcat-9.0.86\conf\Catalina\localhost\W10 - ShowSessionProj.xml] has finished in [54] ms
12-Mar-2024 12:43:06.387 INFO [main] org.apache.catalina.startup.HostConfig.deployDirectory Deploying web application directory [D:\GIT\food-waste-reduction-platform\root\dependencies\apache-tomcat-9.0.86\webapps\docs]
12-Mar-2024 12:43:06.422 INFO [main] org.apache.catalina.startup.HostConfig.deployDirectory Deployment of web application directory [D:\GIT\food-waste-reduction-platform\root\dependencies\apache-tomcat-9.0.86\webapps\docs] has finished in [35] ms
12-Mar-2024 12:43:06.422 INFO [main] org.apache.catalina.startup.HostConfig.deployDirectory Deploying web application directory [D:\GIT\food-waste-reduction-platform\root\dependencies\apache-tomcat-9.0.86\webapps\examples]
12-Mar-2024 12:43:08.360 INFO [main] org.apache.catalina.startup.HostConfig.deployDirectory Deployment of web application directory [D:\GIT\food-waste-reduction-platform\root\dependencies\apache-tomcat-9.0.86\webapps\examples] has finished in [1,938] ms
12-Mar-2024 12:43:08.360 INFO [main] org.apache.catalina.startup.HostConfig.deployDirectory Deploying web application directory [D:\GIT\food-waste-reduction-platform\root\dependencies\apache-tomcat-9.0.86\webapps\host-manager]
12-Mar-2024 12:43:08.430 INFO [main] org.apache.catalina.startup.HostConfig.deployDirectory Deployment of web application directory [D:\GIT\food-waste-reduction-platform\root\dependencies\apache-tomcat-9.0.86\webapps\host-manager] has finished in [70] ms
12-Mar-2024 12:43:08.430 INFO [main] org.apache.catalina.startup.HostConfig.deployDirectory Deploying web application directory [D:\GIT\food-waste-reduction-platform\root\dependencies\apache-tomcat-9.0.86\webapps\manager]
12-Mar-2024 12:43:08.480 INFO [main] org.apache.catalina.startup.HostConfig.deployDirectory Deployment of web application directory [D:\GIT\food-waste-reduction-platform\root\dependencies\apache-tomcat-9.0.86\webapps\manager] has finished in [50] ms
12-Mar-2024 12:43:08.480 INFO [main] org.apache.catalina.startup.HostConfig.deployDirectory Deploying web application directory [D:\GIT\food-waste-reduction-platform\root\dependencies\apache-tomcat-9.0.86\webapps\ROOT]
12-Mar-2024 12:43:08.508 INFO [main] org.apache.catalina.startup.HostConfig.deployDirectory Deployment of web application directory [D:\GIT\food-waste-reduction-platform\root\dependencies\apache-tomcat-9.0.86\webapps\ROOT] has finished in [28] ms
12-Mar-2024 12:43:08.514 INFO [main] org.apache.coyote.AbstractProtocol.start Starting ProtocolHandler ["http-nio-8080"]
12-Mar-2024 12:43:08.581 INFO [main] org.apache.catalina.startup.Catalina.start Server startup in [2978] milliseconds
12-Mar-2024 12:48:05.306 INFO [main] org.apache.catalina.core.StandardServer.await A valid shutdown command was received via the shutdown port. Stopping the Server instance.
12-Mar-2024 12:48:05.307 INFO [main] org.apache.coyote.AbstractProtocol.pause Pausing ProtocolHandler ["http-nio-8080"]
12-Mar-2024 12:48:05.318 INFO [main] org.apache.catalina.core.StandardService.stopInternal Stopping service [Catalina]
12-Mar-2024 12:48:05.352 INFO [main] org.apache.coyote.AbstractProtocol.stop Stopping ProtocolHandler ["http-nio-8080"]
12-Mar-2024 12:48:05.371 INFO [main] org.apache.coyote.AbstractProtocol.destroy Destroying ProtocolHandler ["http-nio-8080"]
