10-Apr-2024 13:35:17.379 INFO [main] org.apache.catalina.core.ApplicationContext.log ContextListener: contextInitialized()
10-Apr-2024 13:35:17.379 INFO [main] org.apache.catalina.core.ApplicationContext.log SessionListener: contextInitialized()
10-Apr-2024 13:35:17.381 INFO [main] org.apache.catalina.core.ApplicationContext.log ContextListener: attributeAdded('StockTicker', 'async.Stockticker@6a87026')
10-Apr-2024 14:02:14.950 INFO [http-nio-8080-exec-47] org.apache.catalina.core.ApplicationContext.log controller.AuthorsServlet: Access denied for user 'CST8288'@'localhost' (using password: YES)
10-Apr-2024 14:02:15.232 SEVERE [http-nio-8080-exec-47] org.apache.catalina.core.ApplicationDispatcher.invoke Servlet.service() for servlet [jsp] threw exception
	java.lang.NullPointerException: Cannot invoke "java.util.List.iterator()" because "authors" is null
		at org.apache.jsp.views.authors_jsp._jspService(authors_jsp.java:150)
		at org.apache.jasper.runtime.HttpJspBase.service(HttpJspBase.java:70)
		at javax.servlet.http.HttpServlet.service(HttpServlet.java:623)
		at org.apache.jasper.servlet.JspServletWrapper.service(JspServletWrapper.java:466)
		at org.apache.jasper.servlet.JspServlet.serviceJspFile(JspServlet.java:379)
		at org.apache.jasper.servlet.JspServlet.service(JspServlet.java:327)
		at javax.servlet.http.HttpServlet.service(HttpServlet.java:623)
		at org.apache.catalina.core.ApplicationFilterChain.internalDoFilter(ApplicationFilterChain.java:209)
		at org.apache.catalina.core.ApplicationFilterChain.doFilter(ApplicationFilterChain.java:153)
		at org.apache.tomcat.websocket.server.WsFilter.doFilter(WsFilter.java:51)
		at org.apache.catalina.core.ApplicationFilterChain.internalDoFilter(ApplicationFilterChain.java:178)
		at org.apache.catalina.core.ApplicationFilterChain.doFilter(ApplicationFilterChain.java:153)
		at org.apache.catalina.core.ApplicationDispatcher.invoke(ApplicationDispatcher.java:661)
		at org.apache.catalina.core.ApplicationDispatcher.processRequest(ApplicationDispatcher.java:425)
		at org.apache.catalina.core.ApplicationDispatcher.doForward(ApplicationDispatcher.java:357)
		at org.apache.catalina.core.ApplicationDispatcher.forward(ApplicationDispatcher.java:294)
		at controller.AuthorsServlet.doGet(AuthorsServlet.java:44)
		at javax.servlet.http.HttpServlet.service(HttpServlet.java:529)
		at javax.servlet.http.HttpServlet.service(HttpServlet.java:623)
		at org.apache.catalina.core.ApplicationFilterChain.internalDoFilter(ApplicationFilterChain.java:209)
		at org.apache.catalina.core.ApplicationFilterChain.doFilter(ApplicationFilterChain.java:153)
		at org.apache.tomcat.websocket.server.WsFilter.doFilter(WsFilter.java:51)
		at org.apache.catalina.core.ApplicationFilterChain.internalDoFilter(ApplicationFilterChain.java:178)
		at org.apache.catalina.core.ApplicationFilterChain.doFilter(ApplicationFilterChain.java:153)
		at org.apache.catalina.core.StandardWrapperValve.invoke(StandardWrapperValve.java:168)
		at org.apache.catalina.core.StandardContextValve.invoke(StandardContextValve.java:90)
		at org.apache.catalina.authenticator.AuthenticatorBase.invoke(AuthenticatorBase.java:481)
		at org.apache.catalina.core.StandardHostValve.invoke(StandardHostValve.java:130)
		at org.apache.catalina.valves.ErrorReportValve.invoke(ErrorReportValve.java:93)
		at org.apache.catalina.valves.AbstractAccessLogValve.invoke(AbstractAccessLogValve.java:670)
		at org.apache.catalina.core.StandardEngineValve.invoke(StandardEngineValve.java:74)
		at org.apache.catalina.connector.CoyoteAdapter.service(CoyoteAdapter.java:346)
		at org.apache.coyote.http11.Http11Processor.service(Http11Processor.java:390)
		at org.apache.coyote.AbstractProcessorLight.process(AbstractProcessorLight.java:63)
		at org.apache.coyote.AbstractProtocol$ConnectionHandler.process(AbstractProtocol.java:928)
		at org.apache.tomcat.util.net.NioEndpoint$SocketProcessor.doRun(NioEndpoint.java:1794)
		at org.apache.tomcat.util.net.SocketProcessorBase.run(SocketProcessorBase.java:52)
		at org.apache.tomcat.util.threads.ThreadPoolExecutor.runWorker(ThreadPoolExecutor.java:1191)
		at org.apache.tomcat.util.threads.ThreadPoolExecutor$Worker.run(ThreadPoolExecutor.java:659)
		at org.apache.tomcat.util.threads.TaskThread$WrappingRunnable.run(TaskThread.java:63)
		at java.base/java.lang.Thread.run(Thread.java:833)
10-Apr-2024 14:02:15.232 SEVERE [http-nio-8080-exec-47] org.apache.catalina.core.StandardWrapperValve.invoke Servlet.service() for servlet [controller.AuthorsServlet] in context with path [/W10 - 2-AuthorsJSP] threw exception [An exception occurred processing [/views/authors.jsp] at line [30]

27:             </thead>
28:             <tbody>
29:                 <% List<Author> authors = (List<Author>) request.getAttribute("authors");
30:                 for (Author author : authors) {%>
31:                 <tr>
32:                     <td><%= author.getAuthorID()%></td>
33:                     <td><%= author.getFirstName()%></td>


Stacktrace:] with root cause
	java.lang.NullPointerException: Cannot invoke "java.util.List.iterator()" because "authors" is null
		at org.apache.jsp.views.authors_jsp._jspService(authors_jsp.java:150)
		at org.apache.jasper.runtime.HttpJspBase.service(HttpJspBase.java:70)
		at javax.servlet.http.HttpServlet.service(HttpServlet.java:623)
		at org.apache.jasper.servlet.JspServletWrapper.service(JspServletWrapper.java:466)
		at org.apache.jasper.servlet.JspServlet.serviceJspFile(JspServlet.java:379)
		at org.apache.jasper.servlet.JspServlet.service(JspServlet.java:327)
		at javax.servlet.http.HttpServlet.service(HttpServlet.java:623)
		at org.apache.catalina.core.ApplicationFilterChain.internalDoFilter(ApplicationFilterChain.java:209)
		at org.apache.catalina.core.ApplicationFilterChain.doFilter(ApplicationFilterChain.java:153)
		at org.apache.tomcat.websocket.server.WsFilter.doFilter(WsFilter.java:51)
		at org.apache.catalina.core.ApplicationFilterChain.internalDoFilter(ApplicationFilterChain.java:178)
		at org.apache.catalina.core.ApplicationFilterChain.doFilter(ApplicationFilterChain.java:153)
		at org.apache.catalina.core.ApplicationDispatcher.invoke(ApplicationDispatcher.java:661)
		at org.apache.catalina.core.ApplicationDispatcher.processRequest(ApplicationDispatcher.java:425)
		at org.apache.catalina.core.ApplicationDispatcher.doForward(ApplicationDispatcher.java:357)
		at org.apache.catalina.core.ApplicationDispatcher.forward(ApplicationDispatcher.java:294)
		at controller.AuthorsServlet.doGet(AuthorsServlet.java:44)
		at javax.servlet.http.HttpServlet.service(HttpServlet.java:529)
		at javax.servlet.http.HttpServlet.service(HttpServlet.java:623)
		at org.apache.catalina.core.ApplicationFilterChain.internalDoFilter(ApplicationFilterChain.java:209)
		at org.apache.catalina.core.ApplicationFilterChain.doFilter(ApplicationFilterChain.java:153)
		at org.apache.tomcat.websocket.server.WsFilter.doFilter(WsFilter.java:51)
		at org.apache.catalina.core.ApplicationFilterChain.internalDoFilter(ApplicationFilterChain.java:178)
		at org.apache.catalina.core.ApplicationFilterChain.doFilter(ApplicationFilterChain.java:153)
		at org.apache.catalina.core.StandardWrapperValve.invoke(StandardWrapperValve.java:168)
		at org.apache.catalina.core.StandardContextValve.invoke(StandardContextValve.java:90)
		at org.apache.catalina.authenticator.AuthenticatorBase.invoke(AuthenticatorBase.java:481)
		at org.apache.catalina.core.StandardHostValve.invoke(StandardHostValve.java:130)
		at org.apache.catalina.valves.ErrorReportValve.invoke(ErrorReportValve.java:93)
		at org.apache.catalina.valves.AbstractAccessLogValve.invoke(AbstractAccessLogValve.java:670)
		at org.apache.catalina.core.StandardEngineValve.invoke(StandardEngineValve.java:74)
		at org.apache.catalina.connector.CoyoteAdapter.service(CoyoteAdapter.java:346)
		at org.apache.coyote.http11.Http11Processor.service(Http11Processor.java:390)
		at org.apache.coyote.AbstractProcessorLight.process(AbstractProcessorLight.java:63)
		at org.apache.coyote.AbstractProtocol$ConnectionHandler.process(AbstractProtocol.java:928)
		at org.apache.tomcat.util.net.NioEndpoint$SocketProcessor.doRun(NioEndpoint.java:1794)
		at org.apache.tomcat.util.net.SocketProcessorBase.run(SocketProcessorBase.java:52)
		at org.apache.tomcat.util.threads.ThreadPoolExecutor.runWorker(ThreadPoolExecutor.java:1191)
		at org.apache.tomcat.util.threads.ThreadPoolExecutor$Worker.run(ThreadPoolExecutor.java:659)
		at org.apache.tomcat.util.threads.TaskThread$WrappingRunnable.run(TaskThread.java:63)
		at java.base/java.lang.Thread.run(Thread.java:833)
10-Apr-2024 14:02:22.123 INFO [http-nio-8080-exec-42] org.apache.catalina.core.ApplicationContext.log controller.AuthorsServlet: Access denied for user 'CST8288'@'localhost' (using password: YES)
10-Apr-2024 14:02:22.123 SEVERE [http-nio-8080-exec-42] org.apache.catalina.core.ApplicationDispatcher.invoke Servlet.service() for servlet [jsp] threw exception
	java.lang.NullPointerException: Cannot invoke "java.util.List.iterator()" because "authors" is null
		at org.apache.jsp.views.authors_jsp._jspService(authors_jsp.java:150)
		at org.apache.jasper.runtime.HttpJspBase.service(HttpJspBase.java:70)
		at javax.servlet.http.HttpServlet.service(HttpServlet.java:623)
		at org.apache.jasper.servlet.JspServletWrapper.service(JspServletWrapper.java:466)
		at org.apache.jasper.servlet.JspServlet.serviceJspFile(JspServlet.java:379)
		at org.apache.jasper.servlet.JspServlet.service(JspServlet.java:327)
		at javax.servlet.http.HttpServlet.service(HttpServlet.java:623)
		at org.apache.catalina.core.ApplicationFilterChain.internalDoFilter(ApplicationFilterChain.java:209)
		at org.apache.catalina.core.ApplicationFilterChain.doFilter(ApplicationFilterChain.java:153)
		at org.apache.tomcat.websocket.server.WsFilter.doFilter(WsFilter.java:51)
		at org.apache.catalina.core.ApplicationFilterChain.internalDoFilter(ApplicationFilterChain.java:178)
		at org.apache.catalina.core.ApplicationFilterChain.doFilter(ApplicationFilterChain.java:153)
		at org.apache.catalina.core.ApplicationDispatcher.invoke(ApplicationDispatcher.java:661)
		at org.apache.catalina.core.ApplicationDispatcher.processRequest(ApplicationDispatcher.java:425)
		at org.apache.catalina.core.ApplicationDispatcher.doForward(ApplicationDispatcher.java:357)
		at org.apache.catalina.core.ApplicationDispatcher.forward(ApplicationDispatcher.java:294)
		at controller.AuthorsServlet.doGet(AuthorsServlet.java:44)
		at controller.AuthorsServlet.doPost(AuthorsServlet.java:59)
		at javax.servlet.http.HttpServlet.service(HttpServlet.java:555)
		at javax.servlet.http.HttpServlet.service(HttpServlet.java:623)
		at org.apache.catalina.core.ApplicationFilterChain.internalDoFilter(ApplicationFilterChain.java:209)
		at org.apache.catalina.core.ApplicationFilterChain.doFilter(ApplicationFilterChain.java:153)
		at org.apache.tomcat.websocket.server.WsFilter.doFilter(WsFilter.java:51)
		at org.apache.catalina.core.ApplicationFilterChain.internalDoFilter(ApplicationFilterChain.java:178)
		at org.apache.catalina.core.ApplicationFilterChain.doFilter(ApplicationFilterChain.java:153)
		at org.apache.catalina.core.StandardWrapperValve.invoke(StandardWrapperValve.java:168)
		at org.apache.catalina.core.StandardContextValve.invoke(StandardContextValve.java:90)
		at org.apache.catalina.authenticator.AuthenticatorBase.invoke(AuthenticatorBase.java:481)
		at org.apache.catalina.core.StandardHostValve.invoke(StandardHostValve.java:130)
		at org.apache.catalina.valves.ErrorReportValve.invoke(ErrorReportValve.java:93)
		at org.apache.catalina.valves.AbstractAccessLogValve.invoke(AbstractAccessLogValve.java:670)
		at org.apache.catalina.core.StandardEngineValve.invoke(StandardEngineValve.java:74)
		at org.apache.catalina.connector.CoyoteAdapter.service(CoyoteAdapter.java:346)
		at org.apache.coyote.http11.Http11Processor.service(Http11Processor.java:390)
		at org.apache.coyote.AbstractProcessorLight.process(AbstractProcessorLight.java:63)
		at org.apache.coyote.AbstractProtocol$ConnectionHandler.process(AbstractProtocol.java:928)
		at org.apache.tomcat.util.net.NioEndpoint$SocketProcessor.doRun(NioEndpoint.java:1794)
		at org.apache.tomcat.util.net.SocketProcessorBase.run(SocketProcessorBase.java:52)
		at org.apache.tomcat.util.threads.ThreadPoolExecutor.runWorker(ThreadPoolExecutor.java:1191)
		at org.apache.tomcat.util.threads.ThreadPoolExecutor$Worker.run(ThreadPoolExecutor.java:659)
		at org.apache.tomcat.util.threads.TaskThread$WrappingRunnable.run(TaskThread.java:63)
		at java.base/java.lang.Thread.run(Thread.java:833)
10-Apr-2024 14:02:22.123 SEVERE [http-nio-8080-exec-42] org.apache.catalina.core.StandardWrapperValve.invoke Servlet.service() for servlet [controller.AuthorsServlet] in context with path [/W10 - 2-AuthorsJSP] threw exception [An exception occurred processing [/views/authors.jsp] at line [30]

27:             </thead>
28:             <tbody>
29:                 <% List<Author> authors = (List<Author>) request.getAttribute("authors");
30:                 for (Author author : authors) {%>
31:                 <tr>
32:                     <td><%= author.getAuthorID()%></td>
33:                     <td><%= author.getFirstName()%></td>


Stacktrace:] with root cause
	java.lang.NullPointerException: Cannot invoke "java.util.List.iterator()" because "authors" is null
		at org.apache.jsp.views.authors_jsp._jspService(authors_jsp.java:150)
		at org.apache.jasper.runtime.HttpJspBase.service(HttpJspBase.java:70)
		at javax.servlet.http.HttpServlet.service(HttpServlet.java:623)
		at org.apache.jasper.servlet.JspServletWrapper.service(JspServletWrapper.java:466)
		at org.apache.jasper.servlet.JspServlet.serviceJspFile(JspServlet.java:379)
		at org.apache.jasper.servlet.JspServlet.service(JspServlet.java:327)
		at javax.servlet.http.HttpServlet.service(HttpServlet.java:623)
		at org.apache.catalina.core.ApplicationFilterChain.internalDoFilter(ApplicationFilterChain.java:209)
		at org.apache.catalina.core.ApplicationFilterChain.doFilter(ApplicationFilterChain.java:153)
		at org.apache.tomcat.websocket.server.WsFilter.doFilter(WsFilter.java:51)
		at org.apache.catalina.core.ApplicationFilterChain.internalDoFilter(ApplicationFilterChain.java:178)
		at org.apache.catalina.core.ApplicationFilterChain.doFilter(ApplicationFilterChain.java:153)
		at org.apache.catalina.core.ApplicationDispatcher.invoke(ApplicationDispatcher.java:661)
		at org.apache.catalina.core.ApplicationDispatcher.processRequest(ApplicationDispatcher.java:425)
		at org.apache.catalina.core.ApplicationDispatcher.doForward(ApplicationDispatcher.java:357)
		at org.apache.catalina.core.ApplicationDispatcher.forward(ApplicationDispatcher.java:294)
		at controller.AuthorsServlet.doGet(AuthorsServlet.java:44)
		at controller.AuthorsServlet.doPost(AuthorsServlet.java:59)
		at javax.servlet.http.HttpServlet.service(HttpServlet.java:555)
		at javax.servlet.http.HttpServlet.service(HttpServlet.java:623)
		at org.apache.catalina.core.ApplicationFilterChain.internalDoFilter(ApplicationFilterChain.java:209)
		at org.apache.catalina.core.ApplicationFilterChain.doFilter(ApplicationFilterChain.java:153)
		at org.apache.tomcat.websocket.server.WsFilter.doFilter(WsFilter.java:51)
		at org.apache.catalina.core.ApplicationFilterChain.internalDoFilter(ApplicationFilterChain.java:178)
		at org.apache.catalina.core.ApplicationFilterChain.doFilter(ApplicationFilterChain.java:153)
		at org.apache.catalina.core.StandardWrapperValve.invoke(StandardWrapperValve.java:168)
		at org.apache.catalina.core.StandardContextValve.invoke(StandardContextValve.java:90)
		at org.apache.catalina.authenticator.AuthenticatorBase.invoke(AuthenticatorBase.java:481)
		at org.apache.catalina.core.StandardHostValve.invoke(StandardHostValve.java:130)
		at org.apache.catalina.valves.ErrorReportValve.invoke(ErrorReportValve.java:93)
		at org.apache.catalina.valves.AbstractAccessLogValve.invoke(AbstractAccessLogValve.java:670)
		at org.apache.catalina.core.StandardEngineValve.invoke(StandardEngineValve.java:74)
		at org.apache.catalina.connector.CoyoteAdapter.service(CoyoteAdapter.java:346)
		at org.apache.coyote.http11.Http11Processor.service(Http11Processor.java:390)
		at org.apache.coyote.AbstractProcessorLight.process(AbstractProcessorLight.java:63)
		at org.apache.coyote.AbstractProtocol$ConnectionHandler.process(AbstractProtocol.java:928)
		at org.apache.tomcat.util.net.NioEndpoint$SocketProcessor.doRun(NioEndpoint.java:1794)
		at org.apache.tomcat.util.net.SocketProcessorBase.run(SocketProcessorBase.java:52)
		at org.apache.tomcat.util.threads.ThreadPoolExecutor.runWorker(ThreadPoolExecutor.java:1191)
		at org.apache.tomcat.util.threads.ThreadPoolExecutor$Worker.run(ThreadPoolExecutor.java:659)
		at org.apache.tomcat.util.threads.TaskThread$WrappingRunnable.run(TaskThread.java:63)
		at java.base/java.lang.Thread.run(Thread.java:833)
10-Apr-2024 14:03:19.377 INFO [main] org.apache.catalina.core.ApplicationContext.log SessionListener: contextDestroyed()
10-Apr-2024 14:03:19.377 INFO [main] org.apache.catalina.core.ApplicationContext.log ContextListener: contextDestroyed()
10-Apr-2024 14:03:27.172 INFO [main] org.apache.catalina.core.ApplicationContext.log ContextListener: contextInitialized()
10-Apr-2024 14:03:27.173 INFO [main] org.apache.catalina.core.ApplicationContext.log SessionListener: contextInitialized()
10-Apr-2024 14:03:27.176 INFO [main] org.apache.catalina.core.ApplicationContext.log ContextListener: attributeAdded('StockTicker', 'async.Stockticker@59d5c537')
10-Apr-2024 14:46:12.756 INFO [main] org.apache.catalina.core.ApplicationContext.log SessionListener: contextDestroyed()
10-Apr-2024 14:46:12.756 INFO [main] org.apache.catalina.core.ApplicationContext.log ContextListener: contextDestroyed()
10-Apr-2024 14:46:43.811 INFO [main] org.apache.catalina.core.ApplicationContext.log ContextListener: contextInitialized()
10-Apr-2024 14:46:43.811 INFO [main] org.apache.catalina.core.ApplicationContext.log SessionListener: contextInitialized()
10-Apr-2024 14:46:43.811 INFO [main] org.apache.catalina.core.ApplicationContext.log ContextListener: attributeAdded('StockTicker', 'async.Stockticker@4540c7')
10-Apr-2024 15:13:10.823 INFO [main] org.apache.catalina.core.ApplicationContext.log SessionListener: contextDestroyed()
10-Apr-2024 15:13:10.823 INFO [main] org.apache.catalina.core.ApplicationContext.log ContextListener: contextDestroyed()
10-Apr-2024 18:22:59.241 INFO [main] org.apache.catalina.core.ApplicationContext.log ContextListener: contextInitialized()
10-Apr-2024 18:22:59.241 INFO [main] org.apache.catalina.core.ApplicationContext.log SessionListener: contextInitialized()
10-Apr-2024 18:22:59.244 INFO [main] org.apache.catalina.core.ApplicationContext.log ContextListener: attributeAdded('StockTicker', 'async.Stockticker@313f8301')
10-Apr-2024 18:25:13.166 INFO [main] org.apache.catalina.core.ApplicationContext.log SessionListener: contextDestroyed()
10-Apr-2024 18:25:13.166 INFO [main] org.apache.catalina.core.ApplicationContext.log ContextListener: contextDestroyed()
10-Apr-2024 18:25:20.380 INFO [main] org.apache.catalina.core.ApplicationContext.log ContextListener: contextInitialized()
10-Apr-2024 18:25:20.388 INFO [main] org.apache.catalina.core.ApplicationContext.log SessionListener: contextInitialized()
10-Apr-2024 18:25:20.392 INFO [main] org.apache.catalina.core.ApplicationContext.log ContextListener: attributeAdded('StockTicker', 'async.Stockticker@1bee0085')
10-Apr-2024 19:31:50.823 SEVERE [http-nio-8080-exec-45] org.apache.catalina.core.ApplicationDispatcher.invoke Servlet.service() for servlet [jsp] threw exception
	org.apache.jasper.JasperException: Unable to compile class for JSP: 

An error occurred at line: [14] in the generated java file: [C:\Users\visitor\Desktop\food-waste-reduction-platform\src\apache-tomcat-9.0.86\work\Catalina\localhost\W10 - 2-AuthorsJSP\org\apache\jsp\views\authors_jsp.java]
Only a type can be imported. businesslayer.SubscriptionBusinessLogic resolves to a package

An error occurred at line: [15] in the generated java file: [C:\Users\visitor\Desktop\food-waste-reduction-platform\src\apache-tomcat-9.0.86\work\Catalina\localhost\W10 - 2-AuthorsJSP\org\apache\jsp\views\authors_jsp.java]
Only a type can be imported. model.Subscription resolves to a package

An error occurred at line: [16] in the generated java file: [C:\Users\visitor\Desktop\food-waste-reduction-platform\src\apache-tomcat-9.0.86\work\Catalina\localhost\W10 - 2-AuthorsJSP\org\apache\jsp\views\authors_jsp.java]
Only a type can be imported. model.PurchasedInventory resolves to a package

An error occurred at line: [17] in the generated java file: [C:\Users\visitor\Desktop\food-waste-reduction-platform\src\apache-tomcat-9.0.86\work\Catalina\localhost\W10 - 2-AuthorsJSP\org\apache\jsp\views\authors_jsp.java]
Only a type can be imported. model.ClaimedInventory resolves to a package

An error occurred at line: [18] in the generated java file: [C:\Users\visitor\Desktop\food-waste-reduction-platform\src\apache-tomcat-9.0.86\work\Catalina\localhost\W10 - 2-AuthorsJSP\org\apache\jsp\views\authors_jsp.java]
Only a type can be imported. model.User resolves to a package

An error occurred at line: [19] in the generated java file: [C:\Users\visitor\Desktop\food-waste-reduction-platform\src\apache-tomcat-9.0.86\work\Catalina\localhost\W10 - 2-AuthorsJSP\org\apache\jsp\views\authors_jsp.java]
Only a type can be imported. businesslayer.InventoryBusinessLogic resolves to a package

An error occurred at line: [21] in the generated java file: [C:\Users\visitor\Desktop\food-waste-reduction-platform\src\apache-tomcat-9.0.86\work\Catalina\localhost\W10 - 2-AuthorsJSP\org\apache\jsp\views\authors_jsp.java]
Only a type can be imported. model.Inventory resolves to a package

An error occurred at line: [18] in the jsp file: [/views/authors.jsp]
InventoryBusinessLogic cannot be resolved to a type
15: 
16: <%@ page contentType="text/html;charset=UTF-8" language="java" %>
17:                <% 
18:                    InventoryBusinessLogic inventoryService = new InventoryBusinessLogic();
19:                    SubscriptionBusinessLogic subscriptionService = new SubscriptionBusinessLogic();
20:                    
21:                    User user = (User)session.getAttribute("user");


An error occurred at line: [18] in the jsp file: [/views/authors.jsp]
InventoryBusinessLogic cannot be resolved to a type
15: 
16: <%@ page contentType="text/html;charset=UTF-8" language="java" %>
17:                <% 
18:                    InventoryBusinessLogic inventoryService = new InventoryBusinessLogic();
19:                    SubscriptionBusinessLogic subscriptionService = new SubscriptionBusinessLogic();
20:                    
21:                    User user = (User)session.getAttribute("user");


An error occurred at line: [19] in the jsp file: [/views/authors.jsp]
SubscriptionBusinessLogic cannot be resolved to a type
16: <%@ page contentType="text/html;charset=UTF-8" language="java" %>
17:                <% 
18:                    InventoryBusinessLogic inventoryService = new InventoryBusinessLogic();
19:                    SubscriptionBusinessLogic subscriptionService = new SubscriptionBusinessLogic();
20:                    
21:                    User user = (User)session.getAttribute("user");
22:                    String userType = user.getUserType();


An error occurred at line: [19] in the jsp file: [/views/authors.jsp]
SubscriptionBusinessLogic cannot be resolved to a type
16: <%@ page contentType="text/html;charset=UTF-8" language="java" %>
17:                <% 
18:                    InventoryBusinessLogic inventoryService = new InventoryBusinessLogic();
19:                    SubscriptionBusinessLogic subscriptionService = new SubscriptionBusinessLogic();
20:                    
21:                    User user = (User)session.getAttribute("user");
22:                    String userType = user.getUserType();


An error occurred at line: [21] in the jsp file: [/views/authors.jsp]
User cannot be resolved to a type
18:                    InventoryBusinessLogic inventoryService = new InventoryBusinessLogic();
19:                    SubscriptionBusinessLogic subscriptionService = new SubscriptionBusinessLogic();
20:                    
21:                    User user = (User)session.getAttribute("user");
22:                    String userType = user.getUserType();
23:                    List<Inventory> inventory = inventoryService.getInventory(user); 
24:                    List<ClaimedInventory> claimedItems = null;


An error occurred at line: [21] in the jsp file: [/views/authors.jsp]
User cannot be resolved to a type
18:                    InventoryBusinessLogic inventoryService = new InventoryBusinessLogic();
19:                    SubscriptionBusinessLogic subscriptionService = new SubscriptionBusinessLogic();
20:                    
21:                    User user = (User)session.getAttribute("user");
22:                    String userType = user.getUserType();
23:                    List<Inventory> inventory = inventoryService.getInventory(user); 
24:                    List<ClaimedInventory> claimedItems = null;


An error occurred at line: [23] in the jsp file: [/views/authors.jsp]
Inventory cannot be resolved to a type
20:                    
21:                    User user = (User)session.getAttribute("user");
22:                    String userType = user.getUserType();
23:                    List<Inventory> inventory = inventoryService.getInventory(user); 
24:                    List<ClaimedInventory> claimedItems = null;
25:                    if (userType.equalsIgnoreCase("charitable_organization")) {
26:                         claimedItems = inventoryService.getClaimedItems(user.getId()); 


An error occurred at line: [24] in the jsp file: [/views/authors.jsp]
ClaimedInventory cannot be resolved to a type
21:                    User user = (User)session.getAttribute("user");
22:                    String userType = user.getUserType();
23:                    List<Inventory> inventory = inventoryService.getInventory(user); 
24:                    List<ClaimedInventory> claimedItems = null;
25:                    if (userType.equalsIgnoreCase("charitable_organization")) {
26:                         claimedItems = inventoryService.getClaimedItems(user.getId()); 
27:                    }


An error occurred at line: [28] in the jsp file: [/views/authors.jsp]
PurchasedInventory cannot be resolved to a type
25:                    if (userType.equalsIgnoreCase("charitable_organization")) {
26:                         claimedItems = inventoryService.getClaimedItems(user.getId()); 
27:                    }
28:                    List<PurchasedInventory> purchasedItems = null;
29:                    List<Subscription> subscriptions = null;
30:                    if (userType.equalsIgnoreCase("consumer")) {
31:                         purchasedItems = inventoryService.getPurchasedItems(user.getId()); 


An error occurred at line: [29] in the jsp file: [/views/authors.jsp]
Subscription cannot be resolved to a type
26:                         claimedItems = inventoryService.getClaimedItems(user.getId()); 
27:                    }
28:                    List<PurchasedInventory> purchasedItems = null;
29:                    List<Subscription> subscriptions = null;
30:                    if (userType.equalsIgnoreCase("consumer")) {
31:                         purchasedItems = inventoryService.getPurchasedItems(user.getId()); 
32:                         subscriptions = subscriptionService.getSubscriptions(user.getId()); 


An error occurred at line: [132] in the jsp file: [/views/authors.jsp]
Inventory cannot be resolved to a type
129:                                         </thead>
130:                                         <tbody>
131:                                             <% 
132:                                             for (Inventory item : inventory) {
133:                                                 // Calculate if the item is surplus
134:                                                 boolean expiresInAweek = false;
135:                                                 if (item.getExpirationDate() != null) {


An error occurred at line: [202] in the jsp file: [/views/authors.jsp]
ClaimedInventory cannot be resolved to a type
199:                                         </thead>
200:                                         <tbody>
201:                                             <% 
202:                                             for (ClaimedInventory item : claimedItems) {
203:                                             %>
204:                                             <tr id="item-<%= item.getId()%>">
205:                                                 <td><%= item.getItemName()%> </td>


An error occurred at line: [236] in the jsp file: [/views/authors.jsp]
PurchasedInventory cannot be resolved to a type
233:                                         </thead>
234:                                         <tbody>
235:                                             <% 
236:                                             for (PurchasedInventory item : purchasedItems) {
237:                                             %>
238:                                             <tr id="item-<%= item.getId()%>">
239:                                                 <td><%= item.getItemName()%> </td>


An error occurred at line: [307] in the jsp file: [/views/authors.jsp]
Subscription cannot be resolved to a type
304:                                                 </thead>
305:                                                 <tbody>
306:                                                     <% 
307:                                                     for (Subscription subscription : subscriptions) {
308:                                                     %>
309:                                                     <tr id="item-<%= subscription.getId()%>">
310:                                                         <td><%= subscription.getLocation()%> </td>


Stacktrace:
		at org.apache.jasper.compiler.DefaultErrorHandler.javacError(DefaultErrorHandler.java:102)
		at org.apache.jasper.compiler.ErrorDispatcher.javacError(ErrorDispatcher.java:214)
		at org.apache.jasper.compiler.JDTCompiler.generateClass(JDTCompiler.java:531)
		at org.apache.jasper.compiler.Compiler.compile(Compiler.java:398)
		at org.apache.jasper.compiler.Compiler.compile(Compiler.java:368)
		at org.apache.jasper.compiler.Compiler.compile(Compiler.java:352)
		at org.apache.jasper.JspCompilationContext.compile(JspCompilationContext.java:603)
		at org.apache.jasper.servlet.JspServletWrapper.service(JspServletWrapper.java:399)
		at org.apache.jasper.servlet.JspServlet.serviceJspFile(JspServlet.java:379)
		at org.apache.jasper.servlet.JspServlet.service(JspServlet.java:327)
		at javax.servlet.http.HttpServlet.service(HttpServlet.java:623)
		at org.apache.catalina.core.ApplicationFilterChain.internalDoFilter(ApplicationFilterChain.java:209)
		at org.apache.catalina.core.ApplicationFilterChain.doFilter(ApplicationFilterChain.java:153)
		at org.apache.tomcat.websocket.server.WsFilter.doFilter(WsFilter.java:51)
		at org.apache.catalina.core.ApplicationFilterChain.internalDoFilter(ApplicationFilterChain.java:178)
		at org.apache.catalina.core.ApplicationFilterChain.doFilter(ApplicationFilterChain.java:153)
		at org.apache.catalina.core.ApplicationDispatcher.invoke(ApplicationDispatcher.java:661)
		at org.apache.catalina.core.ApplicationDispatcher.processRequest(ApplicationDispatcher.java:425)
		at org.apache.catalina.core.ApplicationDispatcher.doForward(ApplicationDispatcher.java:357)
		at org.apache.catalina.core.ApplicationDispatcher.forward(ApplicationDispatcher.java:294)
		at controller.AuthorsServlet.doGet(AuthorsServlet.java:44)
		at javax.servlet.http.HttpServlet.service(HttpServlet.java:529)
		at javax.servlet.http.HttpServlet.service(HttpServlet.java:623)
		at org.apache.catalina.core.ApplicationFilterChain.internalDoFilter(ApplicationFilterChain.java:209)
		at org.apache.catalina.core.ApplicationFilterChain.doFilter(ApplicationFilterChain.java:153)
		at org.apache.tomcat.websocket.server.WsFilter.doFilter(WsFilter.java:51)
		at org.apache.catalina.core.ApplicationFilterChain.internalDoFilter(ApplicationFilterChain.java:178)
		at org.apache.catalina.core.ApplicationFilterChain.doFilter(ApplicationFilterChain.java:153)
		at org.apache.catalina.core.StandardWrapperValve.invoke(StandardWrapperValve.java:168)
		at org.apache.catalina.core.StandardContextValve.invoke(StandardContextValve.java:90)
		at org.apache.catalina.authenticator.AuthenticatorBase.invoke(AuthenticatorBase.java:481)
		at org.apache.catalina.core.StandardHostValve.invoke(StandardHostValve.java:130)
		at org.apache.catalina.valves.ErrorReportValve.invoke(ErrorReportValve.java:93)
		at org.apache.catalina.valves.AbstractAccessLogValve.invoke(AbstractAccessLogValve.java:670)
		at org.apache.catalina.core.StandardEngineValve.invoke(StandardEngineValve.java:74)
		at org.apache.catalina.connector.CoyoteAdapter.service(CoyoteAdapter.java:346)
		at org.apache.coyote.http11.Http11Processor.service(Http11Processor.java:390)
		at org.apache.coyote.AbstractProcessorLight.process(AbstractProcessorLight.java:63)
		at org.apache.coyote.AbstractProtocol$ConnectionHandler.process(AbstractProtocol.java:928)
		at org.apache.tomcat.util.net.NioEndpoint$SocketProcessor.doRun(NioEndpoint.java:1794)
		at org.apache.tomcat.util.net.SocketProcessorBase.run(SocketProcessorBase.java:52)
		at org.apache.tomcat.util.threads.ThreadPoolExecutor.runWorker(ThreadPoolExecutor.java:1191)
		at org.apache.tomcat.util.threads.ThreadPoolExecutor$Worker.run(ThreadPoolExecutor.java:659)
		at org.apache.tomcat.util.threads.TaskThread$WrappingRunnable.run(TaskThread.java:63)
		at java.base/java.lang.Thread.run(Thread.java:833)
10-Apr-2024 19:31:50.823 SEVERE [http-nio-8080-exec-45] org.apache.catalina.core.StandardWrapperValve.invoke Servlet.service() for servlet [controller.AuthorsServlet] in context with path [/W10 - 2-AuthorsJSP] threw exception [Unable to compile class for JSP: 

An error occurred at line: [14] in the generated java file: [C:\Users\visitor\Desktop\food-waste-reduction-platform\src\apache-tomcat-9.0.86\work\Catalina\localhost\W10 - 2-AuthorsJSP\org\apache\jsp\views\authors_jsp.java]
Only a type can be imported. businesslayer.SubscriptionBusinessLogic resolves to a package

An error occurred at line: [15] in the generated java file: [C:\Users\visitor\Desktop\food-waste-reduction-platform\src\apache-tomcat-9.0.86\work\Catalina\localhost\W10 - 2-AuthorsJSP\org\apache\jsp\views\authors_jsp.java]
Only a type can be imported. model.Subscription resolves to a package

An error occurred at line: [16] in the generated java file: [C:\Users\visitor\Desktop\food-waste-reduction-platform\src\apache-tomcat-9.0.86\work\Catalina\localhost\W10 - 2-AuthorsJSP\org\apache\jsp\views\authors_jsp.java]
Only a type can be imported. model.PurchasedInventory resolves to a package

An error occurred at line: [17] in the generated java file: [C:\Users\visitor\Desktop\food-waste-reduction-platform\src\apache-tomcat-9.0.86\work\Catalina\localhost\W10 - 2-AuthorsJSP\org\apache\jsp\views\authors_jsp.java]
Only a type can be imported. model.ClaimedInventory resolves to a package

An error occurred at line: [18] in the generated java file: [C:\Users\visitor\Desktop\food-waste-reduction-platform\src\apache-tomcat-9.0.86\work\Catalina\localhost\W10 - 2-AuthorsJSP\org\apache\jsp\views\authors_jsp.java]
Only a type can be imported. model.User resolves to a package

An error occurred at line: [19] in the generated java file: [C:\Users\visitor\Desktop\food-waste-reduction-platform\src\apache-tomcat-9.0.86\work\Catalina\localhost\W10 - 2-AuthorsJSP\org\apache\jsp\views\authors_jsp.java]
Only a type can be imported. businesslayer.InventoryBusinessLogic resolves to a package

An error occurred at line: [21] in the generated java file: [C:\Users\visitor\Desktop\food-waste-reduction-platform\src\apache-tomcat-9.0.86\work\Catalina\localhost\W10 - 2-AuthorsJSP\org\apache\jsp\views\authors_jsp.java]
Only a type can be imported. model.Inventory resolves to a package

An error occurred at line: [18] in the jsp file: [/views/authors.jsp]
InventoryBusinessLogic cannot be resolved to a type
15: 
16: <%@ page contentType="text/html;charset=UTF-8" language="java" %>
17:                <% 
18:                    InventoryBusinessLogic inventoryService = new InventoryBusinessLogic();
19:                    SubscriptionBusinessLogic subscriptionService = new SubscriptionBusinessLogic();
20:                    
21:                    User user = (User)session.getAttribute("user");


An error occurred at line: [18] in the jsp file: [/views/authors.jsp]
InventoryBusinessLogic cannot be resolved to a type
15: 
16: <%@ page contentType="text/html;charset=UTF-8" language="java" %>
17:                <% 
18:                    InventoryBusinessLogic inventoryService = new InventoryBusinessLogic();
19:                    SubscriptionBusinessLogic subscriptionService = new SubscriptionBusinessLogic();
20:                    
21:                    User user = (User)session.getAttribute("user");


An error occurred at line: [19] in the jsp file: [/views/authors.jsp]
SubscriptionBusinessLogic cannot be resolved to a type
16: <%@ page contentType="text/html;charset=UTF-8" language="java" %>
17:                <% 
18:                    InventoryBusinessLogic inventoryService = new InventoryBusinessLogic();
19:                    SubscriptionBusinessLogic subscriptionService = new SubscriptionBusinessLogic();
20:                    
21:                    User user = (User)session.getAttribute("user");
22:                    String userType = user.getUserType();


An error occurred at line: [19] in the jsp file: [/views/authors.jsp]
SubscriptionBusinessLogic cannot be resolved to a type
16: <%@ page contentType="text/html;charset=UTF-8" language="java" %>
17:                <% 
18:                    InventoryBusinessLogic inventoryService = new InventoryBusinessLogic();
19:                    SubscriptionBusinessLogic subscriptionService = new SubscriptionBusinessLogic();
20:                    
21:                    User user = (User)session.getAttribute("user");
22:                    String userType = user.getUserType();


An error occurred at line: [21] in the jsp file: [/views/authors.jsp]
User cannot be resolved to a type
18:                    InventoryBusinessLogic inventoryService = new InventoryBusinessLogic();
19:                    SubscriptionBusinessLogic subscriptionService = new SubscriptionBusinessLogic();
20:                    
21:                    User user = (User)session.getAttribute("user");
22:                    String userType = user.getUserType();
23:                    List<Inventory> inventory = inventoryService.getInventory(user); 
24:                    List<ClaimedInventory> claimedItems = null;


An error occurred at line: [21] in the jsp file: [/views/authors.jsp]
User cannot be resolved to a type
18:                    InventoryBusinessLogic inventoryService = new InventoryBusinessLogic();
19:                    SubscriptionBusinessLogic subscriptionService = new SubscriptionBusinessLogic();
20:                    
21:                    User user = (User)session.getAttribute("user");
22:                    String userType = user.getUserType();
23:                    List<Inventory> inventory = inventoryService.getInventory(user); 
24:                    List<ClaimedInventory> claimedItems = null;


An error occurred at line: [23] in the jsp file: [/views/authors.jsp]
Inventory cannot be resolved to a type
20:                    
21:                    User user = (User)session.getAttribute("user");
22:                    String userType = user.getUserType();
23:                    List<Inventory> inventory = inventoryService.getInventory(user); 
24:                    List<ClaimedInventory> claimedItems = null;
25:                    if (userType.equalsIgnoreCase("charitable_organization")) {
26:                         claimedItems = inventoryService.getClaimedItems(user.getId()); 


An error occurred at line: [24] in the jsp file: [/views/authors.jsp]
ClaimedInventory cannot be resolved to a type
21:                    User user = (User)session.getAttribute("user");
22:                    String userType = user.getUserType();
23:                    List<Inventory> inventory = inventoryService.getInventory(user); 
24:                    List<ClaimedInventory> claimedItems = null;
25:                    if (userType.equalsIgnoreCase("charitable_organization")) {
26:                         claimedItems = inventoryService.getClaimedItems(user.getId()); 
27:                    }


An error occurred at line: [28] in the jsp file: [/views/authors.jsp]
PurchasedInventory cannot be resolved to a type
25:                    if (userType.equalsIgnoreCase("charitable_organization")) {
26:                         claimedItems = inventoryService.getClaimedItems(user.getId()); 
27:                    }
28:                    List<PurchasedInventory> purchasedItems = null;
29:                    List<Subscription> subscriptions = null;
30:                    if (userType.equalsIgnoreCase("consumer")) {
31:                         purchasedItems = inventoryService.getPurchasedItems(user.getId()); 


An error occurred at line: [29] in the jsp file: [/views/authors.jsp]
Subscription cannot be resolved to a type
26:                         claimedItems = inventoryService.getClaimedItems(user.getId()); 
27:                    }
28:                    List<PurchasedInventory> purchasedItems = null;
29:                    List<Subscription> subscriptions = null;
30:                    if (userType.equalsIgnoreCase("consumer")) {
31:                         purchasedItems = inventoryService.getPurchasedItems(user.getId()); 
32:                         subscriptions = subscriptionService.getSubscriptions(user.getId()); 


An error occurred at line: [132] in the jsp file: [/views/authors.jsp]
Inventory cannot be resolved to a type
129:                                         </thead>
130:                                         <tbody>
131:                                             <% 
132:                                             for (Inventory item : inventory) {
133:                                                 // Calculate if the item is surplus
134:                                                 boolean expiresInAweek = false;
135:                                                 if (item.getExpirationDate() != null) {


An error occurred at line: [202] in the jsp file: [/views/authors.jsp]
ClaimedInventory cannot be resolved to a type
199:                                         </thead>
200:                                         <tbody>
201:                                             <% 
202:                                             for (ClaimedInventory item : claimedItems) {
203:                                             %>
204:                                             <tr id="item-<%= item.getId()%>">
205:                                                 <td><%= item.getItemName()%> </td>


An error occurred at line: [236] in the jsp file: [/views/authors.jsp]
PurchasedInventory cannot be resolved to a type
233:                                         </thead>
234:                                         <tbody>
235:                                             <% 
236:                                             for (PurchasedInventory item : purchasedItems) {
237:                                             %>
238:                                             <tr id="item-<%= item.getId()%>">
239:                                                 <td><%= item.getItemName()%> </td>


An error occurred at line: [307] in the jsp file: [/views/authors.jsp]
Subscription cannot be resolved to a type
304:                                                 </thead>
305:                                                 <tbody>
306:                                                     <% 
307:                                                     for (Subscription subscription : subscriptions) {
308:                                                     %>
309:                                                     <tr id="item-<%= subscription.getId()%>">
310:                                                         <td><%= subscription.getLocation()%> </td>


Stacktrace:] with root cause
	org.apache.jasper.JasperException: Unable to compile class for JSP: 

An error occurred at line: [14] in the generated java file: [C:\Users\visitor\Desktop\food-waste-reduction-platform\src\apache-tomcat-9.0.86\work\Catalina\localhost\W10 - 2-AuthorsJSP\org\apache\jsp\views\authors_jsp.java]
Only a type can be imported. businesslayer.SubscriptionBusinessLogic resolves to a package

An error occurred at line: [15] in the generated java file: [C:\Users\visitor\Desktop\food-waste-reduction-platform\src\apache-tomcat-9.0.86\work\Catalina\localhost\W10 - 2-AuthorsJSP\org\apache\jsp\views\authors_jsp.java]
Only a type can be imported. model.Subscription resolves to a package

An error occurred at line: [16] in the generated java file: [C:\Users\visitor\Desktop\food-waste-reduction-platform\src\apache-tomcat-9.0.86\work\Catalina\localhost\W10 - 2-AuthorsJSP\org\apache\jsp\views\authors_jsp.java]
Only a type can be imported. model.PurchasedInventory resolves to a package

An error occurred at line: [17] in the generated java file: [C:\Users\visitor\Desktop\food-waste-reduction-platform\src\apache-tomcat-9.0.86\work\Catalina\localhost\W10 - 2-AuthorsJSP\org\apache\jsp\views\authors_jsp.java]
Only a type can be imported. model.ClaimedInventory resolves to a package

An error occurred at line: [18] in the generated java file: [C:\Users\visitor\Desktop\food-waste-reduction-platform\src\apache-tomcat-9.0.86\work\Catalina\localhost\W10 - 2-AuthorsJSP\org\apache\jsp\views\authors_jsp.java]
Only a type can be imported. model.User resolves to a package

An error occurred at line: [19] in the generated java file: [C:\Users\visitor\Desktop\food-waste-reduction-platform\src\apache-tomcat-9.0.86\work\Catalina\localhost\W10 - 2-AuthorsJSP\org\apache\jsp\views\authors_jsp.java]
Only a type can be imported. businesslayer.InventoryBusinessLogic resolves to a package

An error occurred at line: [21] in the generated java file: [C:\Users\visitor\Desktop\food-waste-reduction-platform\src\apache-tomcat-9.0.86\work\Catalina\localhost\W10 - 2-AuthorsJSP\org\apache\jsp\views\authors_jsp.java]
Only a type can be imported. model.Inventory resolves to a package

An error occurred at line: [18] in the jsp file: [/views/authors.jsp]
InventoryBusinessLogic cannot be resolved to a type
15: 
16: <%@ page contentType="text/html;charset=UTF-8" language="java" %>
17:                <% 
18:                    InventoryBusinessLogic inventoryService = new InventoryBusinessLogic();
19:                    SubscriptionBusinessLogic subscriptionService = new SubscriptionBusinessLogic();
20:                    
21:                    User user = (User)session.getAttribute("user");


An error occurred at line: [18] in the jsp file: [/views/authors.jsp]
InventoryBusinessLogic cannot be resolved to a type
15: 
16: <%@ page contentType="text/html;charset=UTF-8" language="java" %>
17:                <% 
18:                    InventoryBusinessLogic inventoryService = new InventoryBusinessLogic();
19:                    SubscriptionBusinessLogic subscriptionService = new SubscriptionBusinessLogic();
20:                    
21:                    User user = (User)session.getAttribute("user");


An error occurred at line: [19] in the jsp file: [/views/authors.jsp]
SubscriptionBusinessLogic cannot be resolved to a type
16: <%@ page contentType="text/html;charset=UTF-8" language="java" %>
17:                <% 
18:                    InventoryBusinessLogic inventoryService = new InventoryBusinessLogic();
19:                    SubscriptionBusinessLogic subscriptionService = new SubscriptionBusinessLogic();
20:                    
21:                    User user = (User)session.getAttribute("user");
22:                    String userType = user.getUserType();


An error occurred at line: [19] in the jsp file: [/views/authors.jsp]
SubscriptionBusinessLogic cannot be resolved to a type
16: <%@ page contentType="text/html;charset=UTF-8" language="java" %>
17:                <% 
18:                    InventoryBusinessLogic inventoryService = new InventoryBusinessLogic();
19:                    SubscriptionBusinessLogic subscriptionService = new SubscriptionBusinessLogic();
20:                    
21:                    User user = (User)session.getAttribute("user");
22:                    String userType = user.getUserType();


An error occurred at line: [21] in the jsp file: [/views/authors.jsp]
User cannot be resolved to a type
18:                    InventoryBusinessLogic inventoryService = new InventoryBusinessLogic();
19:                    SubscriptionBusinessLogic subscriptionService = new SubscriptionBusinessLogic();
20:                    
21:                    User user = (User)session.getAttribute("user");
22:                    String userType = user.getUserType();
23:                    List<Inventory> inventory = inventoryService.getInventory(user); 
24:                    List<ClaimedInventory> claimedItems = null;


An error occurred at line: [21] in the jsp file: [/views/authors.jsp]
User cannot be resolved to a type
18:                    InventoryBusinessLogic inventoryService = new InventoryBusinessLogic();
19:                    SubscriptionBusinessLogic subscriptionService = new SubscriptionBusinessLogic();
20:                    
21:                    User user = (User)session.getAttribute("user");
22:                    String userType = user.getUserType();
23:                    List<Inventory> inventory = inventoryService.getInventory(user); 
24:                    List<ClaimedInventory> claimedItems = null;


An error occurred at line: [23] in the jsp file: [/views/authors.jsp]
Inventory cannot be resolved to a type
20:                    
21:                    User user = (User)session.getAttribute("user");
22:                    String userType = user.getUserType();
23:                    List<Inventory> inventory = inventoryService.getInventory(user); 
24:                    List<ClaimedInventory> claimedItems = null;
25:                    if (userType.equalsIgnoreCase("charitable_organization")) {
26:                         claimedItems = inventoryService.getClaimedItems(user.getId()); 


An error occurred at line: [24] in the jsp file: [/views/authors.jsp]
ClaimedInventory cannot be resolved to a type
21:                    User user = (User)session.getAttribute("user");
22:                    String userType = user.getUserType();
23:                    List<Inventory> inventory = inventoryService.getInventory(user); 
24:                    List<ClaimedInventory> claimedItems = null;
25:                    if (userType.equalsIgnoreCase("charitable_organization")) {
26:                         claimedItems = inventoryService.getClaimedItems(user.getId()); 
27:                    }


An error occurred at line: [28] in the jsp file: [/views/authors.jsp]
PurchasedInventory cannot be resolved to a type
25:                    if (userType.equalsIgnoreCase("charitable_organization")) {
26:                         claimedItems = inventoryService.getClaimedItems(user.getId()); 
27:                    }
28:                    List<PurchasedInventory> purchasedItems = null;
29:                    List<Subscription> subscriptions = null;
30:                    if (userType.equalsIgnoreCase("consumer")) {
31:                         purchasedItems = inventoryService.getPurchasedItems(user.getId()); 


An error occurred at line: [29] in the jsp file: [/views/authors.jsp]
Subscription cannot be resolved to a type
26:                         claimedItems = inventoryService.getClaimedItems(user.getId()); 
27:                    }
28:                    List<PurchasedInventory> purchasedItems = null;
29:                    List<Subscription> subscriptions = null;
30:                    if (userType.equalsIgnoreCase("consumer")) {
31:                         purchasedItems = inventoryService.getPurchasedItems(user.getId()); 
32:                         subscriptions = subscriptionService.getSubscriptions(user.getId()); 


An error occurred at line: [132] in the jsp file: [/views/authors.jsp]
Inventory cannot be resolved to a type
129:                                         </thead>
130:                                         <tbody>
131:                                             <% 
132:                                             for (Inventory item : inventory) {
133:                                                 // Calculate if the item is surplus
134:                                                 boolean expiresInAweek = false;
135:                                                 if (item.getExpirationDate() != null) {


An error occurred at line: [202] in the jsp file: [/views/authors.jsp]
ClaimedInventory cannot be resolved to a type
199:                                         </thead>
200:                                         <tbody>
201:                                             <% 
202:                                             for (ClaimedInventory item : claimedItems) {
203:                                             %>
204:                                             <tr id="item-<%= item.getId()%>">
205:                                                 <td><%= item.getItemName()%> </td>


An error occurred at line: [236] in the jsp file: [/views/authors.jsp]
PurchasedInventory cannot be resolved to a type
233:                                         </thead>
234:                                         <tbody>
235:                                             <% 
236:                                             for (PurchasedInventory item : purchasedItems) {
237:                                             %>
238:                                             <tr id="item-<%= item.getId()%>">
239:                                                 <td><%= item.getItemName()%> </td>


An error occurred at line: [307] in the jsp file: [/views/authors.jsp]
Subscription cannot be resolved to a type
304:                                                 </thead>
305:                                                 <tbody>
306:                                                     <% 
307:                                                     for (Subscription subscription : subscriptions) {
308:                                                     %>
309:                                                     <tr id="item-<%= subscription.getId()%>">
310:                                                         <td><%= subscription.getLocation()%> </td>


Stacktrace:
		at org.apache.jasper.compiler.DefaultErrorHandler.javacError(DefaultErrorHandler.java:102)
		at org.apache.jasper.compiler.ErrorDispatcher.javacError(ErrorDispatcher.java:214)
		at org.apache.jasper.compiler.JDTCompiler.generateClass(JDTCompiler.java:531)
		at org.apache.jasper.compiler.Compiler.compile(Compiler.java:398)
		at org.apache.jasper.compiler.Compiler.compile(Compiler.java:368)
		at org.apache.jasper.compiler.Compiler.compile(Compiler.java:352)
		at org.apache.jasper.JspCompilationContext.compile(JspCompilationContext.java:603)
		at org.apache.jasper.servlet.JspServletWrapper.service(JspServletWrapper.java:399)
		at org.apache.jasper.servlet.JspServlet.serviceJspFile(JspServlet.java:379)
		at org.apache.jasper.servlet.JspServlet.service(JspServlet.java:327)
		at javax.servlet.http.HttpServlet.service(HttpServlet.java:623)
		at org.apache.catalina.core.ApplicationFilterChain.internalDoFilter(ApplicationFilterChain.java:209)
		at org.apache.catalina.core.ApplicationFilterChain.doFilter(ApplicationFilterChain.java:153)
		at org.apache.tomcat.websocket.server.WsFilter.doFilter(WsFilter.java:51)
		at org.apache.catalina.core.ApplicationFilterChain.internalDoFilter(ApplicationFilterChain.java:178)
		at org.apache.catalina.core.ApplicationFilterChain.doFilter(ApplicationFilterChain.java:153)
		at org.apache.catalina.core.ApplicationDispatcher.invoke(ApplicationDispatcher.java:661)
		at org.apache.catalina.core.ApplicationDispatcher.processRequest(ApplicationDispatcher.java:425)
		at org.apache.catalina.core.ApplicationDispatcher.doForward(ApplicationDispatcher.java:357)
		at org.apache.catalina.core.ApplicationDispatcher.forward(ApplicationDispatcher.java:294)
		at controller.AuthorsServlet.doGet(AuthorsServlet.java:44)
		at javax.servlet.http.HttpServlet.service(HttpServlet.java:529)
		at javax.servlet.http.HttpServlet.service(HttpServlet.java:623)
		at org.apache.catalina.core.ApplicationFilterChain.internalDoFilter(ApplicationFilterChain.java:209)
		at org.apache.catalina.core.ApplicationFilterChain.doFilter(ApplicationFilterChain.java:153)
		at org.apache.tomcat.websocket.server.WsFilter.doFilter(WsFilter.java:51)
		at org.apache.catalina.core.ApplicationFilterChain.internalDoFilter(ApplicationFilterChain.java:178)
		at org.apache.catalina.core.ApplicationFilterChain.doFilter(ApplicationFilterChain.java:153)
		at org.apache.catalina.core.StandardWrapperValve.invoke(StandardWrapperValve.java:168)
		at org.apache.catalina.core.StandardContextValve.invoke(StandardContextValve.java:90)
		at org.apache.catalina.authenticator.AuthenticatorBase.invoke(AuthenticatorBase.java:481)
		at org.apache.catalina.core.StandardHostValve.invoke(StandardHostValve.java:130)
		at org.apache.catalina.valves.ErrorReportValve.invoke(ErrorReportValve.java:93)
		at org.apache.catalina.valves.AbstractAccessLogValve.invoke(AbstractAccessLogValve.java:670)
		at org.apache.catalina.core.StandardEngineValve.invoke(StandardEngineValve.java:74)
		at org.apache.catalina.connector.CoyoteAdapter.service(CoyoteAdapter.java:346)
		at org.apache.coyote.http11.Http11Processor.service(Http11Processor.java:390)
		at org.apache.coyote.AbstractProcessorLight.process(AbstractProcessorLight.java:63)
		at org.apache.coyote.AbstractProtocol$ConnectionHandler.process(AbstractProtocol.java:928)
		at org.apache.tomcat.util.net.NioEndpoint$SocketProcessor.doRun(NioEndpoint.java:1794)
		at org.apache.tomcat.util.net.SocketProcessorBase.run(SocketProcessorBase.java:52)
		at org.apache.tomcat.util.threads.ThreadPoolExecutor.runWorker(ThreadPoolExecutor.java:1191)
		at org.apache.tomcat.util.threads.ThreadPoolExecutor$Worker.run(ThreadPoolExecutor.java:659)
		at org.apache.tomcat.util.threads.TaskThread$WrappingRunnable.run(TaskThread.java:63)
		at java.base/java.lang.Thread.run(Thread.java:833)
10-Apr-2024 19:34:50.672 INFO [http-nio-8080-exec-53] org.apache.catalina.core.ApplicationContext.log Marking servlet [controller.AuthorsServlet] as unavailable
10-Apr-2024 19:34:50.672 SEVERE [http-nio-8080-exec-53] org.apache.catalina.core.StandardWrapperValve.invoke Allocate exception for servlet [controller.AuthorsServlet]
	java.lang.ClassNotFoundException: controller.AuthorsServlet
		at org.apache.catalina.loader.WebappClassLoaderBase.loadClass(WebappClassLoaderBase.java:1329)
		at org.apache.catalina.loader.WebappClassLoaderBase.loadClass(WebappClassLoaderBase.java:1141)
		at org.apache.catalina.core.DefaultInstanceManager.loadClass(DefaultInstanceManager.java:488)
		at org.apache.catalina.core.DefaultInstanceManager.loadClassMaybePrivileged(DefaultInstanceManager.java:470)
		at org.apache.catalina.core.DefaultInstanceManager.newInstance(DefaultInstanceManager.java:142)
		at org.apache.catalina.core.StandardWrapper.loadServlet(StandardWrapper.java:1020)
		at org.apache.catalina.core.StandardWrapper.allocate(StandardWrapper.java:747)
		at org.apache.catalina.core.StandardWrapperValve.invoke(StandardWrapperValve.java:116)
		at org.apache.catalina.core.StandardContextValve.invoke(StandardContextValve.java:90)
		at org.apache.catalina.authenticator.AuthenticatorBase.invoke(AuthenticatorBase.java:481)
		at org.apache.catalina.core.StandardHostValve.invoke(StandardHostValve.java:130)
		at org.apache.catalina.valves.ErrorReportValve.invoke(ErrorReportValve.java:93)
		at org.apache.catalina.valves.AbstractAccessLogValve.invoke(AbstractAccessLogValve.java:670)
		at org.apache.catalina.core.StandardEngineValve.invoke(StandardEngineValve.java:74)
		at org.apache.catalina.connector.CoyoteAdapter.service(CoyoteAdapter.java:346)
		at org.apache.coyote.http11.Http11Processor.service(Http11Processor.java:390)
		at org.apache.coyote.AbstractProcessorLight.process(AbstractProcessorLight.java:63)
		at org.apache.coyote.AbstractProtocol$ConnectionHandler.process(AbstractProtocol.java:928)
		at org.apache.tomcat.util.net.NioEndpoint$SocketProcessor.doRun(NioEndpoint.java:1794)
		at org.apache.tomcat.util.net.SocketProcessorBase.run(SocketProcessorBase.java:52)
		at org.apache.tomcat.util.threads.ThreadPoolExecutor.runWorker(ThreadPoolExecutor.java:1191)
		at org.apache.tomcat.util.threads.ThreadPoolExecutor$Worker.run(ThreadPoolExecutor.java:659)
		at org.apache.tomcat.util.threads.TaskThread$WrappingRunnable.run(TaskThread.java:63)
		at java.base/java.lang.Thread.run(Thread.java:833)
10-Apr-2024 22:33:06.568 INFO [main] org.apache.catalina.core.ApplicationContext.log SessionListener: contextDestroyed()
10-Apr-2024 22:33:06.568 INFO [main] org.apache.catalina.core.ApplicationContext.log ContextListener: contextDestroyed()
