12-Apr-2024 05:56:47.717 INFO [main] org.apache.catalina.core.ApplicationContext.log ContextListener: contextInitialized()
12-Apr-2024 05:56:47.717 INFO [main] org.apache.catalina.core.ApplicationContext.log SessionListener: contextInitialized()
12-Apr-2024 05:56:47.717 INFO [main] org.apache.catalina.core.ApplicationContext.log ContextListener: attributeAdded('StockTicker', 'async.Stockticker@4cc4d454')
12-Apr-2024 06:30:57.803 SEVERE [http-nio-8080-exec-28] org.apache.catalina.core.StandardWrapperValve.invoke Servlet.service() for servlet [jsp] in context with path [/FoodWasteReductionPlatform] threw exception [Unable to compile class for JSP: 

An error occurred at line: [152] in the jsp file: [/views/home.jsp]
The method getPrice() is undefined for the type Inventory
149:                                                     </span>
150:                                                 </td>
151:                                                 <td class="<%= expiresInAweek ? "near-expiry-item" : "" %>"><%= item.getExpirationDate()%></td>
152:                                                 <td><%= item.getPrice()%></td>
153:                                                  <% if (userType.equalsIgnoreCase("retailer") || userType.equalsIgnoreCase("consumer")) { %>
154:                                                     <td><%= item.getDiscount() !=0 ? item.getPrice() - item.getDiscount() : "" %></td>
155:                                                  <% } %>


An error occurred at line: [154] in the jsp file: [/views/home.jsp]
The method getPrice() is undefined for the type Inventory
151:                                                 <td class="<%= expiresInAweek ? "near-expiry-item" : "" %>"><%= item.getExpirationDate()%></td>
152:                                                 <td><%= item.getPrice()%></td>
153:                                                  <% if (userType.equalsIgnoreCase("retailer") || userType.equalsIgnoreCase("consumer")) { %>
154:                                                     <td><%= item.getDiscount() !=0 ? item.getPrice() - item.getDiscount() : "" %></td>
155:                                                  <% } %>
156:                                                  <% if (userType.equalsIgnoreCase("retailer")) { %>
157:                                                     <td><%= item.isFlagged() ? "Yes" : "" %></td>


An error occurred at line: [157] in the jsp file: [/views/home.jsp]
The method isFlagged() is undefined for the type Inventory
154:                                                     <td><%= item.getDiscount() !=0 ? item.getPrice() - item.getDiscount() : "" %></td>
155:                                                  <% } %>
156:                                                  <% if (userType.equalsIgnoreCase("retailer")) { %>
157:                                                     <td><%= item.isFlagged() ? "Yes" : "" %></td>
158:                                                     <td><%= item.isDonationFlag()? "Yes" : "" %></td>
159:                                                  <% } %>
160:                                                 <td>


An error occurred at line: [158] in the jsp file: [/views/home.jsp]
The method isDonationFlag() is undefined for the type Inventory
155:                                                  <% } %>
156:                                                  <% if (userType.equalsIgnoreCase("retailer")) { %>
157:                                                     <td><%= item.isFlagged() ? "Yes" : "" %></td>
158:                                                     <td><%= item.isDonationFlag()? "Yes" : "" %></td>
159:                                                  <% } %>
160:                                                 <td>
161:                                                     


An error occurred at line: [163] in the jsp file: [/views/home.jsp]
The method isFlagged() is undefined for the type Inventory
160:                                                 <td>
161:                                                     
162:                                                     <% if (userType.equalsIgnoreCase("retailer")) { %>
163:                                                         <% if (!item.isFlagged()) { %>
164:                                                         <button type="button" class="btn btn-info btn-xs" onclick="showMarkSurplusModal(<%= item.getId()%>,'<%= item.getItemName()%>')"> <span class="glyphicon glyphicon-plus"></span> Mark as surplus</button>
165:                                                         <% } else{ %>
166:                                                         <button type="button" class="btn btn-warning btn-xs" onclick="showAddDiscountModal(<%= item.getId()%>,'<%= item.getItemName()%>')"> <span class="glyphicon glyphicon-usd"></span> Add Discount</button>


Stacktrace:] with root cause
	org.apache.jasper.JasperException: Unable to compile class for JSP: 

An error occurred at line: [152] in the jsp file: [/views/home.jsp]
The method getPrice() is undefined for the type Inventory
149:                                                     </span>
150:                                                 </td>
151:                                                 <td class="<%= expiresInAweek ? "near-expiry-item" : "" %>"><%= item.getExpirationDate()%></td>
152:                                                 <td><%= item.getPrice()%></td>
153:                                                  <% if (userType.equalsIgnoreCase("retailer") || userType.equalsIgnoreCase("consumer")) { %>
154:                                                     <td><%= item.getDiscount() !=0 ? item.getPrice() - item.getDiscount() : "" %></td>
155:                                                  <% } %>


An error occurred at line: [154] in the jsp file: [/views/home.jsp]
The method getPrice() is undefined for the type Inventory
151:                                                 <td class="<%= expiresInAweek ? "near-expiry-item" : "" %>"><%= item.getExpirationDate()%></td>
152:                                                 <td><%= item.getPrice()%></td>
153:                                                  <% if (userType.equalsIgnoreCase("retailer") || userType.equalsIgnoreCase("consumer")) { %>
154:                                                     <td><%= item.getDiscount() !=0 ? item.getPrice() - item.getDiscount() : "" %></td>
155:                                                  <% } %>
156:                                                  <% if (userType.equalsIgnoreCase("retailer")) { %>
157:                                                     <td><%= item.isFlagged() ? "Yes" : "" %></td>


An error occurred at line: [157] in the jsp file: [/views/home.jsp]
The method isFlagged() is undefined for the type Inventory
154:                                                     <td><%= item.getDiscount() !=0 ? item.getPrice() - item.getDiscount() : "" %></td>
155:                                                  <% } %>
156:                                                  <% if (userType.equalsIgnoreCase("retailer")) { %>
157:                                                     <td><%= item.isFlagged() ? "Yes" : "" %></td>
158:                                                     <td><%= item.isDonationFlag()? "Yes" : "" %></td>
159:                                                  <% } %>
160:                                                 <td>


An error occurred at line: [158] in the jsp file: [/views/home.jsp]
The method isDonationFlag() is undefined for the type Inventory
155:                                                  <% } %>
156:                                                  <% if (userType.equalsIgnoreCase("retailer")) { %>
157:                                                     <td><%= item.isFlagged() ? "Yes" : "" %></td>
158:                                                     <td><%= item.isDonationFlag()? "Yes" : "" %></td>
159:                                                  <% } %>
160:                                                 <td>
161:                                                     


An error occurred at line: [163] in the jsp file: [/views/home.jsp]
The method isFlagged() is undefined for the type Inventory
160:                                                 <td>
161:                                                     
162:                                                     <% if (userType.equalsIgnoreCase("retailer")) { %>
163:                                                         <% if (!item.isFlagged()) { %>
164:                                                         <button type="button" class="btn btn-info btn-xs" onclick="showMarkSurplusModal(<%= item.getId()%>,'<%= item.getItemName()%>')"> <span class="glyphicon glyphicon-plus"></span> Mark as surplus</button>
165:                                                         <% } else{ %>
166:                                                         <button type="button" class="btn btn-warning btn-xs" onclick="showAddDiscountModal(<%= item.getId()%>,'<%= item.getItemName()%>')"> <span class="glyphicon glyphicon-usd"></span> Add Discount</button>


Stacktrace:
		at org.apache.jasper.compiler.DefaultErrorHandler.javacError(DefaultErrorHandler.java:102)
		at org.apache.jasper.compiler.ErrorDispatcher.javacError(ErrorDispatcher.java:214)
		at org.apache.jasper.compiler.JDTCompiler.generateClass(JDTCompiler.java:531)
		at org.apache.jasper.compiler.Compiler.compile(Compiler.java:398)
		at org.apache.jasper.compiler.Compiler.compile(Compiler.java:368)
		at org.apache.jasper.compiler.Compiler.compile(Compiler.java:352)
		at org.apache.jasper.JspCompilationContext.compile(JspCompilationContext.java:603)
		at org.apache.jasper.servlet.JspServletWrapper.service(JspServletWrapper.java:399)
		at org.apache.jasper.servlet.JspServlet.serviceJspFile(JspServlet.java:379)
		at org.apache.jasper.servlet.JspServlet.service(JspServlet.java:327)
		at javax.servlet.http.HttpServlet.service(HttpServlet.java:623)
		at org.apache.catalina.core.ApplicationFilterChain.internalDoFilter(ApplicationFilterChain.java:209)
		at org.apache.catalina.core.ApplicationFilterChain.doFilter(ApplicationFilterChain.java:153)
		at org.apache.tomcat.websocket.server.WsFilter.doFilter(WsFilter.java:51)
		at org.apache.catalina.core.ApplicationFilterChain.internalDoFilter(ApplicationFilterChain.java:178)
		at org.apache.catalina.core.ApplicationFilterChain.doFilter(ApplicationFilterChain.java:153)
		at org.apache.catalina.core.StandardWrapperValve.invoke(StandardWrapperValve.java:168)
		at org.apache.catalina.core.StandardContextValve.invoke(StandardContextValve.java:90)
		at org.apache.catalina.authenticator.AuthenticatorBase.invoke(AuthenticatorBase.java:481)
		at org.apache.catalina.core.StandardHostValve.invoke(StandardHostValve.java:130)
		at org.apache.catalina.valves.ErrorReportValve.invoke(ErrorReportValve.java:93)
		at org.apache.catalina.valves.AbstractAccessLogValve.invoke(AbstractAccessLogValve.java:670)
		at org.apache.catalina.core.StandardEngineValve.invoke(StandardEngineValve.java:74)
		at org.apache.catalina.connector.CoyoteAdapter.service(CoyoteAdapter.java:346)
		at org.apache.coyote.http11.Http11Processor.service(Http11Processor.java:390)
		at org.apache.coyote.AbstractProcessorLight.process(AbstractProcessorLight.java:63)
		at org.apache.coyote.AbstractProtocol$ConnectionHandler.process(AbstractProtocol.java:928)
		at org.apache.tomcat.util.net.NioEndpoint$SocketProcessor.doRun(NioEndpoint.java:1794)
		at org.apache.tomcat.util.net.SocketProcessorBase.run(SocketProcessorBase.java:52)
		at org.apache.tomcat.util.threads.ThreadPoolExecutor.runWorker(ThreadPoolExecutor.java:1191)
		at org.apache.tomcat.util.threads.ThreadPoolExecutor$Worker.run(ThreadPoolExecutor.java:659)
		at org.apache.tomcat.util.threads.TaskThread$WrappingRunnable.run(TaskThread.java:63)
		at java.base/java.lang.Thread.run(Thread.java:1583)
12-Apr-2024 06:32:15.640 SEVERE [http-nio-8080-exec-36] org.apache.catalina.core.StandardWrapperValve.invoke Servlet.service() for servlet [jsp] in context with path [/FoodWasteReductionPlatform] threw exception [Unable to compile class for JSP: 

An error occurred at line: [152] in the jsp file: [/views/home.jsp]
The method getPrice() is undefined for the type Inventory
149:                                                     </span>
150:                                                 </td>
151:                                                 <td class="<%= expiresInAweek ? "near-expiry-item" : "" %>"><%= item.getExpirationDate()%></td>
152:                                                 <td><%= item.getPrice()%></td>
153:                                                  <% if (userType.equalsIgnoreCase("retailer") || userType.equalsIgnoreCase("consumer")) { %>
154:                                                     <td><%= item.getDiscount() !=0 ? item.getPrice() - item.getDiscount() : "" %></td>
155:                                                  <% } %>


An error occurred at line: [154] in the jsp file: [/views/home.jsp]
The method getPrice() is undefined for the type Inventory
151:                                                 <td class="<%= expiresInAweek ? "near-expiry-item" : "" %>"><%= item.getExpirationDate()%></td>
152:                                                 <td><%= item.getPrice()%></td>
153:                                                  <% if (userType.equalsIgnoreCase("retailer") || userType.equalsIgnoreCase("consumer")) { %>
154:                                                     <td><%= item.getDiscount() !=0 ? item.getPrice() - item.getDiscount() : "" %></td>
155:                                                  <% } %>
156:                                                  <% if (userType.equalsIgnoreCase("retailer")) { %>
157:                                                     <td><%= item.isFlagged() ? "Yes" : "" %></td>


An error occurred at line: [157] in the jsp file: [/views/home.jsp]
The method isFlagged() is undefined for the type Inventory
154:                                                     <td><%= item.getDiscount() !=0 ? item.getPrice() - item.getDiscount() : "" %></td>
155:                                                  <% } %>
156:                                                  <% if (userType.equalsIgnoreCase("retailer")) { %>
157:                                                     <td><%= item.isFlagged() ? "Yes" : "" %></td>
158:                                                     <td><%= item.isDonationFlag()? "Yes" : "" %></td>
159:                                                  <% } %>
160:                                                 <td>


An error occurred at line: [158] in the jsp file: [/views/home.jsp]
The method isDonationFlag() is undefined for the type Inventory
155:                                                  <% } %>
156:                                                  <% if (userType.equalsIgnoreCase("retailer")) { %>
157:                                                     <td><%= item.isFlagged() ? "Yes" : "" %></td>
158:                                                     <td><%= item.isDonationFlag()? "Yes" : "" %></td>
159:                                                  <% } %>
160:                                                 <td>
161:                                                     


An error occurred at line: [163] in the jsp file: [/views/home.jsp]
The method isFlagged() is undefined for the type Inventory
160:                                                 <td>
161:                                                     
162:                                                     <% if (userType.equalsIgnoreCase("retailer")) { %>
163:                                                         <% if (!item.isFlagged()) { %>
164:                                                         <button type="button" class="btn btn-info btn-xs" onclick="showMarkSurplusModal(<%= item.getId()%>,'<%= item.getItemName()%>')"> <span class="glyphicon glyphicon-plus"></span> Mark as surplus</button>
165:                                                         <% } else{ %>
166:                                                         <button type="button" class="btn btn-warning btn-xs" onclick="showAddDiscountModal(<%= item.getId()%>,'<%= item.getItemName()%>')"> <span class="glyphicon glyphicon-usd"></span> Add Discount</button>


Stacktrace:] with root cause
	org.apache.jasper.JasperException: Unable to compile class for JSP: 

An error occurred at line: [152] in the jsp file: [/views/home.jsp]
The method getPrice() is undefined for the type Inventory
149:                                                     </span>
150:                                                 </td>
151:                                                 <td class="<%= expiresInAweek ? "near-expiry-item" : "" %>"><%= item.getExpirationDate()%></td>
152:                                                 <td><%= item.getPrice()%></td>
153:                                                  <% if (userType.equalsIgnoreCase("retailer") || userType.equalsIgnoreCase("consumer")) { %>
154:                                                     <td><%= item.getDiscount() !=0 ? item.getPrice() - item.getDiscount() : "" %></td>
155:                                                  <% } %>


An error occurred at line: [154] in the jsp file: [/views/home.jsp]
The method getPrice() is undefined for the type Inventory
151:                                                 <td class="<%= expiresInAweek ? "near-expiry-item" : "" %>"><%= item.getExpirationDate()%></td>
152:                                                 <td><%= item.getPrice()%></td>
153:                                                  <% if (userType.equalsIgnoreCase("retailer") || userType.equalsIgnoreCase("consumer")) { %>
154:                                                     <td><%= item.getDiscount() !=0 ? item.getPrice() - item.getDiscount() : "" %></td>
155:                                                  <% } %>
156:                                                  <% if (userType.equalsIgnoreCase("retailer")) { %>
157:                                                     <td><%= item.isFlagged() ? "Yes" : "" %></td>


An error occurred at line: [157] in the jsp file: [/views/home.jsp]
The method isFlagged() is undefined for the type Inventory
154:                                                     <td><%= item.getDiscount() !=0 ? item.getPrice() - item.getDiscount() : "" %></td>
155:                                                  <% } %>
156:                                                  <% if (userType.equalsIgnoreCase("retailer")) { %>
157:                                                     <td><%= item.isFlagged() ? "Yes" : "" %></td>
158:                                                     <td><%= item.isDonationFlag()? "Yes" : "" %></td>
159:                                                  <% } %>
160:                                                 <td>


An error occurred at line: [158] in the jsp file: [/views/home.jsp]
The method isDonationFlag() is undefined for the type Inventory
155:                                                  <% } %>
156:                                                  <% if (userType.equalsIgnoreCase("retailer")) { %>
157:                                                     <td><%= item.isFlagged() ? "Yes" : "" %></td>
158:                                                     <td><%= item.isDonationFlag()? "Yes" : "" %></td>
159:                                                  <% } %>
160:                                                 <td>
161:                                                     


An error occurred at line: [163] in the jsp file: [/views/home.jsp]
The method isFlagged() is undefined for the type Inventory
160:                                                 <td>
161:                                                     
162:                                                     <% if (userType.equalsIgnoreCase("retailer")) { %>
163:                                                         <% if (!item.isFlagged()) { %>
164:                                                         <button type="button" class="btn btn-info btn-xs" onclick="showMarkSurplusModal(<%= item.getId()%>,'<%= item.getItemName()%>')"> <span class="glyphicon glyphicon-plus"></span> Mark as surplus</button>
165:                                                         <% } else{ %>
166:                                                         <button type="button" class="btn btn-warning btn-xs" onclick="showAddDiscountModal(<%= item.getId()%>,'<%= item.getItemName()%>')"> <span class="glyphicon glyphicon-usd"></span> Add Discount</button>


Stacktrace:
		at org.apache.jasper.compiler.DefaultErrorHandler.javacError(DefaultErrorHandler.java:102)
		at org.apache.jasper.compiler.ErrorDispatcher.javacError(ErrorDispatcher.java:214)
		at org.apache.jasper.compiler.JDTCompiler.generateClass(JDTCompiler.java:531)
		at org.apache.jasper.compiler.Compiler.compile(Compiler.java:398)
		at org.apache.jasper.compiler.Compiler.compile(Compiler.java:368)
		at org.apache.jasper.compiler.Compiler.compile(Compiler.java:352)
		at org.apache.jasper.JspCompilationContext.compile(JspCompilationContext.java:603)
		at org.apache.jasper.servlet.JspServletWrapper.service(JspServletWrapper.java:399)
		at org.apache.jasper.servlet.JspServlet.serviceJspFile(JspServlet.java:379)
		at org.apache.jasper.servlet.JspServlet.service(JspServlet.java:327)
		at javax.servlet.http.HttpServlet.service(HttpServlet.java:623)
		at org.apache.catalina.core.ApplicationFilterChain.internalDoFilter(ApplicationFilterChain.java:209)
		at org.apache.catalina.core.ApplicationFilterChain.doFilter(ApplicationFilterChain.java:153)
		at org.apache.tomcat.websocket.server.WsFilter.doFilter(WsFilter.java:51)
		at org.apache.catalina.core.ApplicationFilterChain.internalDoFilter(ApplicationFilterChain.java:178)
		at org.apache.catalina.core.ApplicationFilterChain.doFilter(ApplicationFilterChain.java:153)
		at org.apache.catalina.core.StandardWrapperValve.invoke(StandardWrapperValve.java:168)
		at org.apache.catalina.core.StandardContextValve.invoke(StandardContextValve.java:90)
		at org.apache.catalina.authenticator.AuthenticatorBase.invoke(AuthenticatorBase.java:481)
		at org.apache.catalina.core.StandardHostValve.invoke(StandardHostValve.java:130)
		at org.apache.catalina.valves.ErrorReportValve.invoke(ErrorReportValve.java:93)
		at org.apache.catalina.valves.AbstractAccessLogValve.invoke(AbstractAccessLogValve.java:670)
		at org.apache.catalina.core.StandardEngineValve.invoke(StandardEngineValve.java:74)
		at org.apache.catalina.connector.CoyoteAdapter.service(CoyoteAdapter.java:346)
		at org.apache.coyote.http11.Http11Processor.service(Http11Processor.java:390)
		at org.apache.coyote.AbstractProcessorLight.process(AbstractProcessorLight.java:63)
		at org.apache.coyote.AbstractProtocol$ConnectionHandler.process(AbstractProtocol.java:928)
		at org.apache.tomcat.util.net.NioEndpoint$SocketProcessor.doRun(NioEndpoint.java:1794)
		at org.apache.tomcat.util.net.SocketProcessorBase.run(SocketProcessorBase.java:52)
		at org.apache.tomcat.util.threads.ThreadPoolExecutor.runWorker(ThreadPoolExecutor.java:1191)
		at org.apache.tomcat.util.threads.ThreadPoolExecutor$Worker.run(ThreadPoolExecutor.java:659)
		at org.apache.tomcat.util.threads.TaskThread$WrappingRunnable.run(TaskThread.java:63)
		at java.base/java.lang.Thread.run(Thread.java:1583)
12-Apr-2024 06:36:01.287 SEVERE [http-nio-8080-exec-41] org.apache.catalina.core.StandardWrapperValve.invoke Servlet.service() for servlet [jsp] in context with path [/FoodWasteReductionPlatform] threw exception [Unable to compile class for JSP: 

An error occurred at line: [152] in the jsp file: [/views/home.jsp]
The method getPrice() is undefined for the type Inventory
149:                                                     </span>
150:                                                 </td>
151:                                                 <td class="<%= expiresInAweek ? "near-expiry-item" : "" %>"><%= item.getExpirationDate()%></td>
152:                                                 <td><%= item.getPrice()%></td>
153:                                                  <% if (userType.equalsIgnoreCase("retailer") || userType.equalsIgnoreCase("consumer")) { %>
154:                                                     <td><%= item.getDiscount() !=0 ? item.getPrice() - item.getDiscount() : "" %></td>
155:                                                  <% } %>


An error occurred at line: [154] in the jsp file: [/views/home.jsp]
The method getPrice() is undefined for the type Inventory
151:                                                 <td class="<%= expiresInAweek ? "near-expiry-item" : "" %>"><%= item.getExpirationDate()%></td>
152:                                                 <td><%= item.getPrice()%></td>
153:                                                  <% if (userType.equalsIgnoreCase("retailer") || userType.equalsIgnoreCase("consumer")) { %>
154:                                                     <td><%= item.getDiscount() !=0 ? item.getPrice() - item.getDiscount() : "" %></td>
155:                                                  <% } %>
156:                                                  <% if (userType.equalsIgnoreCase("retailer")) { %>
157:                                                     <td><%= item.isFlagged() ? "Yes" : "" %></td>


An error occurred at line: [157] in the jsp file: [/views/home.jsp]
The method isFlagged() is undefined for the type Inventory
154:                                                     <td><%= item.getDiscount() !=0 ? item.getPrice() - item.getDiscount() : "" %></td>
155:                                                  <% } %>
156:                                                  <% if (userType.equalsIgnoreCase("retailer")) { %>
157:                                                     <td><%= item.isFlagged() ? "Yes" : "" %></td>
158:                                                     <td><%= item.isDonationFlag()? "Yes" : "" %></td>
159:                                                  <% } %>
160:                                                 <td>


An error occurred at line: [158] in the jsp file: [/views/home.jsp]
The method isDonationFlag() is undefined for the type Inventory
155:                                                  <% } %>
156:                                                  <% if (userType.equalsIgnoreCase("retailer")) { %>
157:                                                     <td><%= item.isFlagged() ? "Yes" : "" %></td>
158:                                                     <td><%= item.isDonationFlag()? "Yes" : "" %></td>
159:                                                  <% } %>
160:                                                 <td>
161:                                                     


An error occurred at line: [163] in the jsp file: [/views/home.jsp]
The method isFlagged() is undefined for the type Inventory
160:                                                 <td>
161:                                                     
162:                                                     <% if (userType.equalsIgnoreCase("retailer")) { %>
163:                                                         <% if (!item.isFlagged()) { %>
164:                                                         <button type="button" class="btn btn-info btn-xs" onclick="showMarkSurplusModal(<%= item.getId()%>,'<%= item.getItemName()%>')"> <span class="glyphicon glyphicon-plus"></span> Mark as surplus</button>
165:                                                         <% } else{ %>
166:                                                         <button type="button" class="btn btn-warning btn-xs" onclick="showAddDiscountModal(<%= item.getId()%>,'<%= item.getItemName()%>')"> <span class="glyphicon glyphicon-usd"></span> Add Discount</button>


Stacktrace:] with root cause
	org.apache.jasper.JasperException: Unable to compile class for JSP: 

An error occurred at line: [152] in the jsp file: [/views/home.jsp]
The method getPrice() is undefined for the type Inventory
149:                                                     </span>
150:                                                 </td>
151:                                                 <td class="<%= expiresInAweek ? "near-expiry-item" : "" %>"><%= item.getExpirationDate()%></td>
152:                                                 <td><%= item.getPrice()%></td>
153:                                                  <% if (userType.equalsIgnoreCase("retailer") || userType.equalsIgnoreCase("consumer")) { %>
154:                                                     <td><%= item.getDiscount() !=0 ? item.getPrice() - item.getDiscount() : "" %></td>
155:                                                  <% } %>


An error occurred at line: [154] in the jsp file: [/views/home.jsp]
The method getPrice() is undefined for the type Inventory
151:                                                 <td class="<%= expiresInAweek ? "near-expiry-item" : "" %>"><%= item.getExpirationDate()%></td>
152:                                                 <td><%= item.getPrice()%></td>
153:                                                  <% if (userType.equalsIgnoreCase("retailer") || userType.equalsIgnoreCase("consumer")) { %>
154:                                                     <td><%= item.getDiscount() !=0 ? item.getPrice() - item.getDiscount() : "" %></td>
155:                                                  <% } %>
156:                                                  <% if (userType.equalsIgnoreCase("retailer")) { %>
157:                                                     <td><%= item.isFlagged() ? "Yes" : "" %></td>


An error occurred at line: [157] in the jsp file: [/views/home.jsp]
The method isFlagged() is undefined for the type Inventory
154:                                                     <td><%= item.getDiscount() !=0 ? item.getPrice() - item.getDiscount() : "" %></td>
155:                                                  <% } %>
156:                                                  <% if (userType.equalsIgnoreCase("retailer")) { %>
157:                                                     <td><%= item.isFlagged() ? "Yes" : "" %></td>
158:                                                     <td><%= item.isDonationFlag()? "Yes" : "" %></td>
159:                                                  <% } %>
160:                                                 <td>


An error occurred at line: [158] in the jsp file: [/views/home.jsp]
The method isDonationFlag() is undefined for the type Inventory
155:                                                  <% } %>
156:                                                  <% if (userType.equalsIgnoreCase("retailer")) { %>
157:                                                     <td><%= item.isFlagged() ? "Yes" : "" %></td>
158:                                                     <td><%= item.isDonationFlag()? "Yes" : "" %></td>
159:                                                  <% } %>
160:                                                 <td>
161:                                                     


An error occurred at line: [163] in the jsp file: [/views/home.jsp]
The method isFlagged() is undefined for the type Inventory
160:                                                 <td>
161:                                                     
162:                                                     <% if (userType.equalsIgnoreCase("retailer")) { %>
163:                                                         <% if (!item.isFlagged()) { %>
164:                                                         <button type="button" class="btn btn-info btn-xs" onclick="showMarkSurplusModal(<%= item.getId()%>,'<%= item.getItemName()%>')"> <span class="glyphicon glyphicon-plus"></span> Mark as surplus</button>
165:                                                         <% } else{ %>
166:                                                         <button type="button" class="btn btn-warning btn-xs" onclick="showAddDiscountModal(<%= item.getId()%>,'<%= item.getItemName()%>')"> <span class="glyphicon glyphicon-usd"></span> Add Discount</button>


Stacktrace:
		at org.apache.jasper.compiler.DefaultErrorHandler.javacError(DefaultErrorHandler.java:102)
		at org.apache.jasper.compiler.ErrorDispatcher.javacError(ErrorDispatcher.java:214)
		at org.apache.jasper.compiler.JDTCompiler.generateClass(JDTCompiler.java:531)
		at org.apache.jasper.compiler.Compiler.compile(Compiler.java:398)
		at org.apache.jasper.compiler.Compiler.compile(Compiler.java:368)
		at org.apache.jasper.compiler.Compiler.compile(Compiler.java:352)
		at org.apache.jasper.JspCompilationContext.compile(JspCompilationContext.java:603)
		at org.apache.jasper.servlet.JspServletWrapper.service(JspServletWrapper.java:399)
		at org.apache.jasper.servlet.JspServlet.serviceJspFile(JspServlet.java:379)
		at org.apache.jasper.servlet.JspServlet.service(JspServlet.java:327)
		at javax.servlet.http.HttpServlet.service(HttpServlet.java:623)
		at org.apache.catalina.core.ApplicationFilterChain.internalDoFilter(ApplicationFilterChain.java:209)
		at org.apache.catalina.core.ApplicationFilterChain.doFilter(ApplicationFilterChain.java:153)
		at org.apache.tomcat.websocket.server.WsFilter.doFilter(WsFilter.java:51)
		at org.apache.catalina.core.ApplicationFilterChain.internalDoFilter(ApplicationFilterChain.java:178)
		at org.apache.catalina.core.ApplicationFilterChain.doFilter(ApplicationFilterChain.java:153)
		at org.apache.catalina.core.StandardWrapperValve.invoke(StandardWrapperValve.java:168)
		at org.apache.catalina.core.StandardContextValve.invoke(StandardContextValve.java:90)
		at org.apache.catalina.authenticator.AuthenticatorBase.invoke(AuthenticatorBase.java:481)
		at org.apache.catalina.core.StandardHostValve.invoke(StandardHostValve.java:130)
		at org.apache.catalina.valves.ErrorReportValve.invoke(ErrorReportValve.java:93)
		at org.apache.catalina.valves.AbstractAccessLogValve.invoke(AbstractAccessLogValve.java:670)
		at org.apache.catalina.core.StandardEngineValve.invoke(StandardEngineValve.java:74)
		at org.apache.catalina.connector.CoyoteAdapter.service(CoyoteAdapter.java:346)
		at org.apache.coyote.http11.Http11Processor.service(Http11Processor.java:390)
		at org.apache.coyote.AbstractProcessorLight.process(AbstractProcessorLight.java:63)
		at org.apache.coyote.AbstractProtocol$ConnectionHandler.process(AbstractProtocol.java:928)
		at org.apache.tomcat.util.net.NioEndpoint$SocketProcessor.doRun(NioEndpoint.java:1794)
		at org.apache.tomcat.util.net.SocketProcessorBase.run(SocketProcessorBase.java:52)
		at org.apache.tomcat.util.threads.ThreadPoolExecutor.runWorker(ThreadPoolExecutor.java:1191)
		at org.apache.tomcat.util.threads.ThreadPoolExecutor$Worker.run(ThreadPoolExecutor.java:659)
		at org.apache.tomcat.util.threads.TaskThread$WrappingRunnable.run(TaskThread.java:63)
		at java.base/java.lang.Thread.run(Thread.java:1583)
12-Apr-2024 06:36:10.050 SEVERE [http-nio-8080-exec-48] org.apache.catalina.core.StandardWrapperValve.invoke Servlet.service() for servlet [jsp] in context with path [/FoodWasteReductionPlatform] threw exception [Unable to compile class for JSP: 

An error occurred at line: [152] in the jsp file: [/views/home.jsp]
The method getPrice() is undefined for the type Inventory
149:                                                     </span>
150:                                                 </td>
151:                                                 <td class="<%= expiresInAweek ? "near-expiry-item" : "" %>"><%= item.getExpirationDate()%></td>
152:                                                 <td><%= item.getPrice()%></td>
153:                                                  <% if (userType.equalsIgnoreCase("retailer") || userType.equalsIgnoreCase("consumer")) { %>
154:                                                     <td><%= item.getDiscount() !=0 ? item.getPrice() - item.getDiscount() : "" %></td>
155:                                                  <% } %>


An error occurred at line: [154] in the jsp file: [/views/home.jsp]
The method getPrice() is undefined for the type Inventory
151:                                                 <td class="<%= expiresInAweek ? "near-expiry-item" : "" %>"><%= item.getExpirationDate()%></td>
152:                                                 <td><%= item.getPrice()%></td>
153:                                                  <% if (userType.equalsIgnoreCase("retailer") || userType.equalsIgnoreCase("consumer")) { %>
154:                                                     <td><%= item.getDiscount() !=0 ? item.getPrice() - item.getDiscount() : "" %></td>
155:                                                  <% } %>
156:                                                  <% if (userType.equalsIgnoreCase("retailer")) { %>
157:                                                     <td><%= item.isFlagged() ? "Yes" : "" %></td>


An error occurred at line: [157] in the jsp file: [/views/home.jsp]
The method isFlagged() is undefined for the type Inventory
154:                                                     <td><%= item.getDiscount() !=0 ? item.getPrice() - item.getDiscount() : "" %></td>
155:                                                  <% } %>
156:                                                  <% if (userType.equalsIgnoreCase("retailer")) { %>
157:                                                     <td><%= item.isFlagged() ? "Yes" : "" %></td>
158:                                                     <td><%= item.isDonationFlag()? "Yes" : "" %></td>
159:                                                  <% } %>
160:                                                 <td>


An error occurred at line: [158] in the jsp file: [/views/home.jsp]
The method isDonationFlag() is undefined for the type Inventory
155:                                                  <% } %>
156:                                                  <% if (userType.equalsIgnoreCase("retailer")) { %>
157:                                                     <td><%= item.isFlagged() ? "Yes" : "" %></td>
158:                                                     <td><%= item.isDonationFlag()? "Yes" : "" %></td>
159:                                                  <% } %>
160:                                                 <td>
161:                                                     


An error occurred at line: [163] in the jsp file: [/views/home.jsp]
The method isFlagged() is undefined for the type Inventory
160:                                                 <td>
161:                                                     
162:                                                     <% if (userType.equalsIgnoreCase("retailer")) { %>
163:                                                         <% if (!item.isFlagged()) { %>
164:                                                         <button type="button" class="btn btn-info btn-xs" onclick="showMarkSurplusModal(<%= item.getId()%>,'<%= item.getItemName()%>')"> <span class="glyphicon glyphicon-plus"></span> Mark as surplus</button>
165:                                                         <% } else{ %>
166:                                                         <button type="button" class="btn btn-warning btn-xs" onclick="showAddDiscountModal(<%= item.getId()%>,'<%= item.getItemName()%>')"> <span class="glyphicon glyphicon-usd"></span> Add Discount</button>


Stacktrace:] with root cause
	org.apache.jasper.JasperException: Unable to compile class for JSP: 

An error occurred at line: [152] in the jsp file: [/views/home.jsp]
The method getPrice() is undefined for the type Inventory
149:                                                     </span>
150:                                                 </td>
151:                                                 <td class="<%= expiresInAweek ? "near-expiry-item" : "" %>"><%= item.getExpirationDate()%></td>
152:                                                 <td><%= item.getPrice()%></td>
153:                                                  <% if (userType.equalsIgnoreCase("retailer") || userType.equalsIgnoreCase("consumer")) { %>
154:                                                     <td><%= item.getDiscount() !=0 ? item.getPrice() - item.getDiscount() : "" %></td>
155:                                                  <% } %>


An error occurred at line: [154] in the jsp file: [/views/home.jsp]
The method getPrice() is undefined for the type Inventory
151:                                                 <td class="<%= expiresInAweek ? "near-expiry-item" : "" %>"><%= item.getExpirationDate()%></td>
152:                                                 <td><%= item.getPrice()%></td>
153:                                                  <% if (userType.equalsIgnoreCase("retailer") || userType.equalsIgnoreCase("consumer")) { %>
154:                                                     <td><%= item.getDiscount() !=0 ? item.getPrice() - item.getDiscount() : "" %></td>
155:                                                  <% } %>
156:                                                  <% if (userType.equalsIgnoreCase("retailer")) { %>
157:                                                     <td><%= item.isFlagged() ? "Yes" : "" %></td>


An error occurred at line: [157] in the jsp file: [/views/home.jsp]
The method isFlagged() is undefined for the type Inventory
154:                                                     <td><%= item.getDiscount() !=0 ? item.getPrice() - item.getDiscount() : "" %></td>
155:                                                  <% } %>
156:                                                  <% if (userType.equalsIgnoreCase("retailer")) { %>
157:                                                     <td><%= item.isFlagged() ? "Yes" : "" %></td>
158:                                                     <td><%= item.isDonationFlag()? "Yes" : "" %></td>
159:                                                  <% } %>
160:                                                 <td>


An error occurred at line: [158] in the jsp file: [/views/home.jsp]
The method isDonationFlag() is undefined for the type Inventory
155:                                                  <% } %>
156:                                                  <% if (userType.equalsIgnoreCase("retailer")) { %>
157:                                                     <td><%= item.isFlagged() ? "Yes" : "" %></td>
158:                                                     <td><%= item.isDonationFlag()? "Yes" : "" %></td>
159:                                                  <% } %>
160:                                                 <td>
161:                                                     


An error occurred at line: [163] in the jsp file: [/views/home.jsp]
The method isFlagged() is undefined for the type Inventory
160:                                                 <td>
161:                                                     
162:                                                     <% if (userType.equalsIgnoreCase("retailer")) { %>
163:                                                         <% if (!item.isFlagged()) { %>
164:                                                         <button type="button" class="btn btn-info btn-xs" onclick="showMarkSurplusModal(<%= item.getId()%>,'<%= item.getItemName()%>')"> <span class="glyphicon glyphicon-plus"></span> Mark as surplus</button>
165:                                                         <% } else{ %>
166:                                                         <button type="button" class="btn btn-warning btn-xs" onclick="showAddDiscountModal(<%= item.getId()%>,'<%= item.getItemName()%>')"> <span class="glyphicon glyphicon-usd"></span> Add Discount</button>


Stacktrace:
		at org.apache.jasper.compiler.DefaultErrorHandler.javacError(DefaultErrorHandler.java:102)
		at org.apache.jasper.compiler.ErrorDispatcher.javacError(ErrorDispatcher.java:214)
		at org.apache.jasper.compiler.JDTCompiler.generateClass(JDTCompiler.java:531)
		at org.apache.jasper.compiler.Compiler.compile(Compiler.java:398)
		at org.apache.jasper.compiler.Compiler.compile(Compiler.java:368)
		at org.apache.jasper.compiler.Compiler.compile(Compiler.java:352)
		at org.apache.jasper.JspCompilationContext.compile(JspCompilationContext.java:603)
		at org.apache.jasper.servlet.JspServletWrapper.service(JspServletWrapper.java:399)
		at org.apache.jasper.servlet.JspServlet.serviceJspFile(JspServlet.java:379)
		at org.apache.jasper.servlet.JspServlet.service(JspServlet.java:327)
		at javax.servlet.http.HttpServlet.service(HttpServlet.java:623)
		at org.apache.catalina.core.ApplicationFilterChain.internalDoFilter(ApplicationFilterChain.java:209)
		at org.apache.catalina.core.ApplicationFilterChain.doFilter(ApplicationFilterChain.java:153)
		at org.apache.tomcat.websocket.server.WsFilter.doFilter(WsFilter.java:51)
		at org.apache.catalina.core.ApplicationFilterChain.internalDoFilter(ApplicationFilterChain.java:178)
		at org.apache.catalina.core.ApplicationFilterChain.doFilter(ApplicationFilterChain.java:153)
		at org.apache.catalina.core.StandardWrapperValve.invoke(StandardWrapperValve.java:168)
		at org.apache.catalina.core.StandardContextValve.invoke(StandardContextValve.java:90)
		at org.apache.catalina.authenticator.AuthenticatorBase.invoke(AuthenticatorBase.java:481)
		at org.apache.catalina.core.StandardHostValve.invoke(StandardHostValve.java:130)
		at org.apache.catalina.valves.ErrorReportValve.invoke(ErrorReportValve.java:93)
		at org.apache.catalina.valves.AbstractAccessLogValve.invoke(AbstractAccessLogValve.java:670)
		at org.apache.catalina.core.StandardEngineValve.invoke(StandardEngineValve.java:74)
		at org.apache.catalina.connector.CoyoteAdapter.service(CoyoteAdapter.java:346)
		at org.apache.coyote.http11.Http11Processor.service(Http11Processor.java:390)
		at org.apache.coyote.AbstractProcessorLight.process(AbstractProcessorLight.java:63)
		at org.apache.coyote.AbstractProtocol$ConnectionHandler.process(AbstractProtocol.java:928)
		at org.apache.tomcat.util.net.NioEndpoint$SocketProcessor.doRun(NioEndpoint.java:1794)
		at org.apache.tomcat.util.net.SocketProcessorBase.run(SocketProcessorBase.java:52)
		at org.apache.tomcat.util.threads.ThreadPoolExecutor.runWorker(ThreadPoolExecutor.java:1191)
		at org.apache.tomcat.util.threads.ThreadPoolExecutor$Worker.run(ThreadPoolExecutor.java:659)
		at org.apache.tomcat.util.threads.TaskThread$WrappingRunnable.run(TaskThread.java:63)
		at java.base/java.lang.Thread.run(Thread.java:1583)
12-Apr-2024 06:36:21.593 INFO [main] org.apache.catalina.core.ApplicationContext.log ContextListener: contextInitialized()
12-Apr-2024 06:36:21.593 INFO [main] org.apache.catalina.core.ApplicationContext.log SessionListener: contextInitialized()
12-Apr-2024 06:36:21.595 INFO [main] org.apache.catalina.core.ApplicationContext.log ContextListener: attributeAdded('StockTicker', 'async.Stockticker@61eab26b')
12-Apr-2024 06:36:29.544 SEVERE [http-nio-8080-exec-7] org.apache.catalina.core.StandardWrapperValve.invoke Servlet.service() for servlet [jsp] in context with path [/FoodWasteReductionPlatform] threw exception [Unable to compile class for JSP: 

An error occurred at line: [152] in the jsp file: [/views/home.jsp]
The method getPrice() is undefined for the type Inventory
149:                                                     </span>
150:                                                 </td>
151:                                                 <td class="<%= expiresInAweek ? "near-expiry-item" : "" %>"><%= item.getExpirationDate()%></td>
152:                                                 <td><%= item.getPrice()%></td>
153:                                                  <% if (userType.equalsIgnoreCase("retailer") || userType.equalsIgnoreCase("consumer")) { %>
154:                                                     <td><%= item.getDiscount() !=0 ? item.getPrice() - item.getDiscount() : "" %></td>
155:                                                  <% } %>


An error occurred at line: [154] in the jsp file: [/views/home.jsp]
The method getPrice() is undefined for the type Inventory
151:                                                 <td class="<%= expiresInAweek ? "near-expiry-item" : "" %>"><%= item.getExpirationDate()%></td>
152:                                                 <td><%= item.getPrice()%></td>
153:                                                  <% if (userType.equalsIgnoreCase("retailer") || userType.equalsIgnoreCase("consumer")) { %>
154:                                                     <td><%= item.getDiscount() !=0 ? item.getPrice() - item.getDiscount() : "" %></td>
155:                                                  <% } %>
156:                                                  <% if (userType.equalsIgnoreCase("retailer")) { %>
157:                                                     <td><%= item.isFlagged() ? "Yes" : "" %></td>


An error occurred at line: [157] in the jsp file: [/views/home.jsp]
The method isFlagged() is undefined for the type Inventory
154:                                                     <td><%= item.getDiscount() !=0 ? item.getPrice() - item.getDiscount() : "" %></td>
155:                                                  <% } %>
156:                                                  <% if (userType.equalsIgnoreCase("retailer")) { %>
157:                                                     <td><%= item.isFlagged() ? "Yes" : "" %></td>
158:                                                     <td><%= item.isDonationFlag()? "Yes" : "" %></td>
159:                                                  <% } %>
160:                                                 <td>


An error occurred at line: [158] in the jsp file: [/views/home.jsp]
The method isDonationFlag() is undefined for the type Inventory
155:                                                  <% } %>
156:                                                  <% if (userType.equalsIgnoreCase("retailer")) { %>
157:                                                     <td><%= item.isFlagged() ? "Yes" : "" %></td>
158:                                                     <td><%= item.isDonationFlag()? "Yes" : "" %></td>
159:                                                  <% } %>
160:                                                 <td>
161:                                                     


An error occurred at line: [163] in the jsp file: [/views/home.jsp]
The method isFlagged() is undefined for the type Inventory
160:                                                 <td>
161:                                                     
162:                                                     <% if (userType.equalsIgnoreCase("retailer")) { %>
163:                                                         <% if (!item.isFlagged()) { %>
164:                                                         <button type="button" class="btn btn-info btn-xs" onclick="showMarkSurplusModal(<%= item.getId()%>,'<%= item.getItemName()%>')"> <span class="glyphicon glyphicon-plus"></span> Mark as surplus</button>
165:                                                         <% } else{ %>
166:                                                         <button type="button" class="btn btn-warning btn-xs" onclick="showAddDiscountModal(<%= item.getId()%>,'<%= item.getItemName()%>')"> <span class="glyphicon glyphicon-usd"></span> Add Discount</button>


Stacktrace:] with root cause
	org.apache.jasper.JasperException: Unable to compile class for JSP: 

An error occurred at line: [152] in the jsp file: [/views/home.jsp]
The method getPrice() is undefined for the type Inventory
149:                                                     </span>
150:                                                 </td>
151:                                                 <td class="<%= expiresInAweek ? "near-expiry-item" : "" %>"><%= item.getExpirationDate()%></td>
152:                                                 <td><%= item.getPrice()%></td>
153:                                                  <% if (userType.equalsIgnoreCase("retailer") || userType.equalsIgnoreCase("consumer")) { %>
154:                                                     <td><%= item.getDiscount() !=0 ? item.getPrice() - item.getDiscount() : "" %></td>
155:                                                  <% } %>


An error occurred at line: [154] in the jsp file: [/views/home.jsp]
The method getPrice() is undefined for the type Inventory
151:                                                 <td class="<%= expiresInAweek ? "near-expiry-item" : "" %>"><%= item.getExpirationDate()%></td>
152:                                                 <td><%= item.getPrice()%></td>
153:                                                  <% if (userType.equalsIgnoreCase("retailer") || userType.equalsIgnoreCase("consumer")) { %>
154:                                                     <td><%= item.getDiscount() !=0 ? item.getPrice() - item.getDiscount() : "" %></td>
155:                                                  <% } %>
156:                                                  <% if (userType.equalsIgnoreCase("retailer")) { %>
157:                                                     <td><%= item.isFlagged() ? "Yes" : "" %></td>


An error occurred at line: [157] in the jsp file: [/views/home.jsp]
The method isFlagged() is undefined for the type Inventory
154:                                                     <td><%= item.getDiscount() !=0 ? item.getPrice() - item.getDiscount() : "" %></td>
155:                                                  <% } %>
156:                                                  <% if (userType.equalsIgnoreCase("retailer")) { %>
157:                                                     <td><%= item.isFlagged() ? "Yes" : "" %></td>
158:                                                     <td><%= item.isDonationFlag()? "Yes" : "" %></td>
159:                                                  <% } %>
160:                                                 <td>


An error occurred at line: [158] in the jsp file: [/views/home.jsp]
The method isDonationFlag() is undefined for the type Inventory
155:                                                  <% } %>
156:                                                  <% if (userType.equalsIgnoreCase("retailer")) { %>
157:                                                     <td><%= item.isFlagged() ? "Yes" : "" %></td>
158:                                                     <td><%= item.isDonationFlag()? "Yes" : "" %></td>
159:                                                  <% } %>
160:                                                 <td>
161:                                                     


An error occurred at line: [163] in the jsp file: [/views/home.jsp]
The method isFlagged() is undefined for the type Inventory
160:                                                 <td>
161:                                                     
162:                                                     <% if (userType.equalsIgnoreCase("retailer")) { %>
163:                                                         <% if (!item.isFlagged()) { %>
164:                                                         <button type="button" class="btn btn-info btn-xs" onclick="showMarkSurplusModal(<%= item.getId()%>,'<%= item.getItemName()%>')"> <span class="glyphicon glyphicon-plus"></span> Mark as surplus</button>
165:                                                         <% } else{ %>
166:                                                         <button type="button" class="btn btn-warning btn-xs" onclick="showAddDiscountModal(<%= item.getId()%>,'<%= item.getItemName()%>')"> <span class="glyphicon glyphicon-usd"></span> Add Discount</button>


Stacktrace:
		at org.apache.jasper.compiler.DefaultErrorHandler.javacError(DefaultErrorHandler.java:102)
		at org.apache.jasper.compiler.ErrorDispatcher.javacError(ErrorDispatcher.java:214)
		at org.apache.jasper.compiler.JDTCompiler.generateClass(JDTCompiler.java:531)
		at org.apache.jasper.compiler.Compiler.compile(Compiler.java:398)
		at org.apache.jasper.compiler.Compiler.compile(Compiler.java:368)
		at org.apache.jasper.compiler.Compiler.compile(Compiler.java:352)
		at org.apache.jasper.JspCompilationContext.compile(JspCompilationContext.java:603)
		at org.apache.jasper.servlet.JspServletWrapper.service(JspServletWrapper.java:399)
		at org.apache.jasper.servlet.JspServlet.serviceJspFile(JspServlet.java:379)
		at org.apache.jasper.servlet.JspServlet.service(JspServlet.java:327)
		at javax.servlet.http.HttpServlet.service(HttpServlet.java:623)
		at org.apache.catalina.core.ApplicationFilterChain.internalDoFilter(ApplicationFilterChain.java:209)
		at org.apache.catalina.core.ApplicationFilterChain.doFilter(ApplicationFilterChain.java:153)
		at org.apache.tomcat.websocket.server.WsFilter.doFilter(WsFilter.java:51)
		at org.apache.catalina.core.ApplicationFilterChain.internalDoFilter(ApplicationFilterChain.java:178)
		at org.apache.catalina.core.ApplicationFilterChain.doFilter(ApplicationFilterChain.java:153)
		at org.apache.catalina.core.StandardWrapperValve.invoke(StandardWrapperValve.java:168)
		at org.apache.catalina.core.StandardContextValve.invoke(StandardContextValve.java:90)
		at org.apache.catalina.authenticator.AuthenticatorBase.invoke(AuthenticatorBase.java:481)
		at org.apache.catalina.core.StandardHostValve.invoke(StandardHostValve.java:130)
		at org.apache.catalina.valves.ErrorReportValve.invoke(ErrorReportValve.java:93)
		at org.apache.catalina.valves.AbstractAccessLogValve.invoke(AbstractAccessLogValve.java:670)
		at org.apache.catalina.core.StandardEngineValve.invoke(StandardEngineValve.java:74)
		at org.apache.catalina.connector.CoyoteAdapter.service(CoyoteAdapter.java:346)
		at org.apache.coyote.http11.Http11Processor.service(Http11Processor.java:390)
		at org.apache.coyote.AbstractProcessorLight.process(AbstractProcessorLight.java:63)
		at org.apache.coyote.AbstractProtocol$ConnectionHandler.process(AbstractProtocol.java:928)
		at org.apache.tomcat.util.net.NioEndpoint$SocketProcessor.doRun(NioEndpoint.java:1794)
		at org.apache.tomcat.util.net.SocketProcessorBase.run(SocketProcessorBase.java:52)
		at org.apache.tomcat.util.threads.ThreadPoolExecutor.runWorker(ThreadPoolExecutor.java:1191)
		at org.apache.tomcat.util.threads.ThreadPoolExecutor$Worker.run(ThreadPoolExecutor.java:659)
		at org.apache.tomcat.util.threads.TaskThread$WrappingRunnable.run(TaskThread.java:63)
		at java.base/java.lang.Thread.run(Thread.java:1583)
12-Apr-2024 06:50:33.427 INFO [main] org.apache.catalina.core.ApplicationContext.log ContextListener: contextInitialized()
12-Apr-2024 06:50:33.427 INFO [main] org.apache.catalina.core.ApplicationContext.log SessionListener: contextInitialized()
12-Apr-2024 06:50:33.429 INFO [main] org.apache.catalina.core.ApplicationContext.log ContextListener: attributeAdded('StockTicker', 'async.Stockticker@5b490d5e')
12-Apr-2024 08:39:41.805 INFO [main] org.apache.catalina.core.ApplicationContext.log ContextListener: contextInitialized()
12-Apr-2024 08:39:41.805 INFO [main] org.apache.catalina.core.ApplicationContext.log SessionListener: contextInitialized()
12-Apr-2024 08:39:41.807 INFO [main] org.apache.catalina.core.ApplicationContext.log ContextListener: attributeAdded('StockTicker', 'async.Stockticker@26270b77')
12-Apr-2024 08:40:28.624 INFO [main] org.apache.catalina.core.ApplicationContext.log ContextListener: contextInitialized()
12-Apr-2024 08:40:28.624 INFO [main] org.apache.catalina.core.ApplicationContext.log SessionListener: contextInitialized()
12-Apr-2024 08:40:28.626 INFO [main] org.apache.catalina.core.ApplicationContext.log ContextListener: attributeAdded('StockTicker', 'async.Stockticker@18b04526')
12-Apr-2024 10:02:42.107 INFO [main] org.apache.catalina.core.ApplicationContext.log SessionListener: contextDestroyed()
12-Apr-2024 10:02:42.107 INFO [main] org.apache.catalina.core.ApplicationContext.log ContextListener: contextDestroyed()
