13-Apr-2024 13:48:30.801 INFO [main] org.apache.catalina.core.ApplicationContext.log ContextListener: contextInitialized()
13-Apr-2024 13:48:30.801 INFO [main] org.apache.catalina.core.ApplicationContext.log SessionListener: contextInitialized()
13-Apr-2024 13:48:30.803 INFO [main] org.apache.catalina.core.ApplicationContext.log ContextListener: attributeAdded('StockTicker', 'async.Stockticker@65db548')
13-Apr-2024 13:49:19.995 INFO [main] org.apache.catalina.core.ApplicationContext.log SessionListener: contextDestroyed()
13-Apr-2024 13:49:19.995 INFO [main] org.apache.catalina.core.ApplicationContext.log ContextListener: contextDestroyed()
13-Apr-2024 13:49:25.788 INFO [main] org.apache.catalina.core.ApplicationContext.log ContextListener: contextInitialized()
13-Apr-2024 13:49:25.788 INFO [main] org.apache.catalina.core.ApplicationContext.log SessionListener: contextInitialized()
13-Apr-2024 13:49:25.788 INFO [main] org.apache.catalina.core.ApplicationContext.log ContextListener: attributeAdded('StockTicker', 'async.Stockticker@7bc8da3f')
13-Apr-2024 13:51:53.308 INFO [main] org.apache.catalina.core.ApplicationContext.log SessionListener: contextDestroyed()
13-Apr-2024 13:51:53.308 INFO [main] org.apache.catalina.core.ApplicationContext.log ContextListener: contextDestroyed()
13-Apr-2024 13:53:46.916 INFO [main] org.apache.catalina.core.ApplicationContext.log ContextListener: contextInitialized()
13-Apr-2024 13:53:46.916 INFO [main] org.apache.catalina.core.ApplicationContext.log SessionListener: contextInitialized()
13-Apr-2024 13:53:46.918 INFO [main] org.apache.catalina.core.ApplicationContext.log ContextListener: attributeAdded('StockTicker', 'async.Stockticker@a30dbc0')
13-Apr-2024 13:54:15.538 INFO [main] org.apache.catalina.core.ApplicationContext.log SessionListener: contextDestroyed()
13-Apr-2024 13:54:15.538 INFO [main] org.apache.catalina.core.ApplicationContext.log ContextListener: contextDestroyed()
13-Apr-2024 13:54:21.144 INFO [main] org.apache.catalina.core.ApplicationContext.log ContextListener: contextInitialized()
13-Apr-2024 13:54:21.144 INFO [main] org.apache.catalina.core.ApplicationContext.log SessionListener: contextInitialized()
13-Apr-2024 13:54:21.146 INFO [main] org.apache.catalina.core.ApplicationContext.log ContextListener: attributeAdded('StockTicker', 'async.Stockticker@283ecb4b')
13-Apr-2024 13:54:37.755 INFO [main] org.apache.catalina.core.ApplicationContext.log SessionListener: contextDestroyed()
13-Apr-2024 13:54:37.756 INFO [main] org.apache.catalina.core.ApplicationContext.log ContextListener: contextDestroyed()
13-Apr-2024 13:57:39.723 INFO [main] org.apache.catalina.core.ApplicationContext.log ContextListener: contextInitialized()
13-Apr-2024 13:57:39.723 INFO [main] org.apache.catalina.core.ApplicationContext.log SessionListener: contextInitialized()
13-Apr-2024 13:57:39.725 INFO [main] org.apache.catalina.core.ApplicationContext.log ContextListener: attributeAdded('StockTicker', 'async.Stockticker@a30dbc0')
13-Apr-2024 13:58:21.888 INFO [main] org.apache.catalina.core.ApplicationContext.log SessionListener: contextDestroyed()
13-Apr-2024 13:58:21.888 INFO [main] org.apache.catalina.core.ApplicationContext.log ContextListener: contextDestroyed()
13-Apr-2024 14:02:20.727 INFO [main] org.apache.catalina.core.ApplicationContext.log ContextListener: contextInitialized()
13-Apr-2024 14:02:20.727 INFO [main] org.apache.catalina.core.ApplicationContext.log SessionListener: contextInitialized()
13-Apr-2024 14:02:20.728 INFO [main] org.apache.catalina.core.ApplicationContext.log ContextListener: attributeAdded('StockTicker', 'async.Stockticker@56d742ad')
13-Apr-2024 14:02:31.359 INFO [main] org.apache.catalina.core.ApplicationContext.log SessionListener: contextDestroyed()
13-Apr-2024 14:02:31.359 INFO [main] org.apache.catalina.core.ApplicationContext.log ContextListener: contextDestroyed()
13-Apr-2024 14:08:15.885 INFO [main] org.apache.catalina.core.ApplicationContext.log ContextListener: contextInitialized()
13-Apr-2024 14:08:15.885 INFO [main] org.apache.catalina.core.ApplicationContext.log SessionListener: contextInitialized()
13-Apr-2024 14:08:15.885 INFO [main] org.apache.catalina.core.ApplicationContext.log ContextListener: attributeAdded('StockTicker', 'async.Stockticker@366b4a7b')
13-Apr-2024 14:10:51.899 INFO [main] org.apache.catalina.core.ApplicationContext.log SessionListener: contextDestroyed()
13-Apr-2024 14:10:51.900 INFO [main] org.apache.catalina.core.ApplicationContext.log ContextListener: contextDestroyed()
13-Apr-2024 14:14:28.413 INFO [main] org.apache.catalina.core.ApplicationContext.log ContextListener: contextInitialized()
13-Apr-2024 14:14:28.413 INFO [main] org.apache.catalina.core.ApplicationContext.log SessionListener: contextInitialized()
13-Apr-2024 14:14:28.415 INFO [main] org.apache.catalina.core.ApplicationContext.log ContextListener: attributeAdded('StockTicker', 'async.Stockticker@61246109')
13-Apr-2024 14:15:16.632 INFO [main] org.apache.catalina.core.ApplicationContext.log SessionListener: contextDestroyed()
13-Apr-2024 14:15:16.632 INFO [main] org.apache.catalina.core.ApplicationContext.log ContextListener: contextDestroyed()
