10-Apr-2024 13:35:22.353 INFO [http-nio-8080-exec-6] org.apache.catalina.core.ApplicationContext.log Manager: init: Associated with Deployer 'Catalina:type=Deployer,host=localhost'
10-Apr-2024 13:35:22.353 INFO [http-nio-8080-exec-6] org.apache.catalina.core.ApplicationContext.log Manager: init: Global resources are available
10-Apr-2024 13:35:52.784 INFO [http-nio-8080-exec-4] org.apache.catalina.core.ApplicationContext.log Manager: list: Listing contexts for virtual host 'localhost'
10-Apr-2024 13:35:52.803 INFO [http-nio-8080-exec-5] org.apache.catalina.core.ApplicationContext.log Manager: undeploy: Undeploying web application at '/fwr'
10-Apr-2024 13:35:53.334 INFO [http-nio-8080-exec-7] org.apache.catalina.core.ApplicationContext.log Manager: install: Installing context configuration at 'file:/C:/Users/ahmad/AppData/Local/Temp/context5716263182612513796.xml'
10-Apr-2024 13:35:54.132 INFO [http-nio-8080-exec-3] org.apache.catalina.core.ApplicationContext.log Manager: start: Starting web application '/fwr'
10-Apr-2024 13:36:10.577 INFO [http-nio-8080-exec-6] org.apache.catalina.core.ApplicationContext.log Manager: list: Listing contexts for virtual host 'localhost'
10-Apr-2024 13:36:10.581 INFO [http-nio-8080-exec-11] org.apache.catalina.core.ApplicationContext.log Manager: list: Listing contexts for virtual host 'localhost'
10-Apr-2024 13:39:14.273 INFO [http-nio-8080-exec-11] org.apache.catalina.core.ApplicationContext.log Manager: list: Listing contexts for virtual host 'localhost'
10-Apr-2024 13:39:14.865 INFO [http-nio-8080-exec-14] org.apache.catalina.core.ApplicationContext.log Manager: list: Listing contexts for virtual host 'localhost'
10-Apr-2024 13:39:14.870 INFO [http-nio-8080-exec-19] org.apache.catalina.core.ApplicationContext.log Manager: list: Listing contexts for virtual host 'localhost'
10-Apr-2024 13:39:34.138 INFO [http-nio-8080-exec-13] org.apache.catalina.core.ApplicationContext.log Manager: list: Listing contexts for virtual host 'localhost'
10-Apr-2024 13:39:34.141 INFO [http-nio-8080-exec-14] org.apache.catalina.core.ApplicationContext.log Manager: list: Listing contexts for virtual host 'localhost'
10-Apr-2024 13:42:35.255 INFO [http-nio-8080-exec-16] org.apache.catalina.core.ApplicationContext.log Manager: list: Listing contexts for virtual host 'localhost'
10-Apr-2024 13:42:35.270 INFO [http-nio-8080-exec-13] org.apache.catalina.core.ApplicationContext.log Manager: restart: Reloading web application '/fwr'
10-Apr-2024 13:44:36.913 INFO [http-nio-8080-exec-22] org.apache.catalina.core.ApplicationContext.log Manager: list: Listing contexts for virtual host 'localhost'
10-Apr-2024 13:44:36.913 INFO [http-nio-8080-exec-12] org.apache.catalina.core.ApplicationContext.log Manager: restart: Reloading web application '/fwr'
10-Apr-2024 13:44:47.391 INFO [http-nio-8080-exec-18] org.apache.catalina.core.ApplicationContext.log Manager: list: Listing contexts for virtual host 'localhost'
10-Apr-2024 13:44:47.398 INFO [http-nio-8080-exec-15] org.apache.catalina.core.ApplicationContext.log Manager: undeploy: Undeploying web application at '/fwr'
10-Apr-2024 13:44:54.296 INFO [http-nio-8080-exec-15] org.apache.catalina.core.ApplicationContext.log Manager: list: Listing contexts for virtual host 'localhost'
10-Apr-2024 13:44:54.296 INFO [http-nio-8080-exec-21] org.apache.catalina.core.ApplicationContext.log Manager: list: Listing contexts for virtual host 'localhost'
10-Apr-2024 13:44:54.316 INFO [http-nio-8080-exec-12] org.apache.catalina.core.ApplicationContext.log Manager: install: Installing context configuration at 'file:/C:/Users/ahmad/AppData/Local/Temp/context13330307151270259657.xml'
10-Apr-2024 13:44:55.075 INFO [http-nio-8080-exec-17] org.apache.catalina.core.ApplicationContext.log Manager: start: Starting web application '/fwr'
10-Apr-2024 13:45:01.971 INFO [http-nio-8080-exec-17] org.apache.catalina.core.ApplicationContext.log Manager: list: Listing contexts for virtual host 'localhost'
10-Apr-2024 13:45:01.974 INFO [http-nio-8080-exec-11] org.apache.catalina.core.ApplicationContext.log Manager: list: Listing contexts for virtual host 'localhost'
10-Apr-2024 13:46:52.444 INFO [http-nio-8080-exec-25] org.apache.catalina.core.ApplicationContext.log Manager: list: Listing contexts for virtual host 'localhost'
10-Apr-2024 13:46:52.459 INFO [http-nio-8080-exec-17] org.apache.catalina.core.ApplicationContext.log Manager: list: Listing contexts for virtual host 'localhost'
10-Apr-2024 13:46:54.634 INFO [http-nio-8080-exec-17] org.apache.catalina.core.ApplicationContext.log Manager: list: Listing contexts for virtual host 'localhost'
10-Apr-2024 13:46:54.637 INFO [http-nio-8080-exec-27] org.apache.catalina.core.ApplicationContext.log Manager: list: Listing contexts for virtual host 'localhost'
10-Apr-2024 13:46:55.700 INFO [http-nio-8080-exec-31] org.apache.catalina.core.ApplicationContext.log Manager: list: Listing contexts for virtual host 'localhost'
10-Apr-2024 13:46:55.703 INFO [http-nio-8080-exec-25] org.apache.catalina.core.ApplicationContext.log Manager: list: Listing contexts for virtual host 'localhost'
10-Apr-2024 13:46:56.480 INFO [http-nio-8080-exec-29] org.apache.catalina.core.ApplicationContext.log Manager: list: Listing contexts for virtual host 'localhost'
10-Apr-2024 13:46:56.480 INFO [http-nio-8080-exec-31] org.apache.catalina.core.ApplicationContext.log Manager: list: Listing contexts for virtual host 'localhost'
10-Apr-2024 13:50:58.074 INFO [http-nio-8080-exec-30] org.apache.catalina.core.ApplicationContext.log Manager: list: Listing contexts for virtual host 'localhost'
10-Apr-2024 13:50:58.090 INFO [http-nio-8080-exec-29] org.apache.catalina.core.ApplicationContext.log Manager: restart: Reloading web application '/fwr'
10-Apr-2024 13:51:39.902 INFO [http-nio-8080-exec-34] org.apache.catalina.core.ApplicationContext.log Manager: list: Listing contexts for virtual host 'localhost'
10-Apr-2024 13:51:39.906 INFO [http-nio-8080-exec-25] org.apache.catalina.core.ApplicationContext.log Manager: list: Listing contexts for virtual host 'localhost'
10-Apr-2024 13:51:39.915 INFO [http-nio-8080-exec-27] org.apache.catalina.core.ApplicationContext.log Manager: restart: Reloading web application '/fwr'
10-Apr-2024 13:51:42.488 INFO [http-nio-8080-exec-37] org.apache.catalina.core.ApplicationContext.log Manager: list: Listing contexts for virtual host 'localhost'
10-Apr-2024 13:51:42.489 INFO [http-nio-8080-exec-35] org.apache.catalina.core.ApplicationContext.log Manager: list: Listing contexts for virtual host 'localhost'
10-Apr-2024 13:51:43.452 INFO [http-nio-8080-exec-26] org.apache.catalina.core.ApplicationContext.log Manager: list: Listing contexts for virtual host 'localhost'
10-Apr-2024 13:51:43.454 INFO [http-nio-8080-exec-30] org.apache.catalina.core.ApplicationContext.log Manager: list: Listing contexts for virtual host 'localhost'
10-Apr-2024 13:51:43.886 INFO [http-nio-8080-exec-38] org.apache.catalina.core.ApplicationContext.log Manager: list: Listing contexts for virtual host 'localhost'
10-Apr-2024 13:51:43.886 INFO [http-nio-8080-exec-27] org.apache.catalina.core.ApplicationContext.log Manager: list: Listing contexts for virtual host 'localhost'
10-Apr-2024 13:51:44.276 INFO [http-nio-8080-exec-31] org.apache.catalina.core.ApplicationContext.log Manager: list: Listing contexts for virtual host 'localhost'
10-Apr-2024 13:51:44.276 INFO [http-nio-8080-exec-38] org.apache.catalina.core.ApplicationContext.log Manager: list: Listing contexts for virtual host 'localhost'
10-Apr-2024 13:51:44.701 INFO [http-nio-8080-exec-31] org.apache.catalina.core.ApplicationContext.log Manager: list: Listing contexts for virtual host 'localhost'
10-Apr-2024 13:51:44.706 INFO [http-nio-8080-exec-26] org.apache.catalina.core.ApplicationContext.log Manager: list: Listing contexts for virtual host 'localhost'
10-Apr-2024 13:51:45.011 INFO [http-nio-8080-exec-39] org.apache.catalina.core.ApplicationContext.log Manager: list: Listing contexts for virtual host 'localhost'
10-Apr-2024 13:51:45.029 INFO [http-nio-8080-exec-35] org.apache.catalina.core.ApplicationContext.log Manager: list: Listing contexts for virtual host 'localhost'
10-Apr-2024 13:52:20.437 INFO [http-nio-8080-exec-30] org.apache.catalina.core.ApplicationContext.log Manager: list: Listing contexts for virtual host 'localhost'
10-Apr-2024 13:52:20.437 INFO [http-nio-8080-exec-37] org.apache.catalina.core.ApplicationContext.log Manager: restart: Reloading web application '/fwr'
10-Apr-2024 13:52:31.244 INFO [http-nio-8080-exec-41] org.apache.catalina.core.ApplicationContext.log Manager: list: Listing contexts for virtual host 'localhost'
10-Apr-2024 13:52:31.247 INFO [http-nio-8080-exec-38] org.apache.catalina.core.ApplicationContext.log Manager: list: Listing contexts for virtual host 'localhost'
10-Apr-2024 13:52:31.250 INFO [http-nio-8080-exec-35] org.apache.catalina.core.ApplicationContext.log Manager: restart: Reloading web application '/fwr'
10-Apr-2024 13:52:33.610 INFO [http-nio-8080-exec-42] org.apache.catalina.core.ApplicationContext.log Manager: list: Listing contexts for virtual host 'localhost'
10-Apr-2024 13:52:33.612 INFO [http-nio-8080-exec-37] org.apache.catalina.core.ApplicationContext.log Manager: list: Listing contexts for virtual host 'localhost'
10-Apr-2024 13:52:34.472 INFO [http-nio-8080-exec-38] org.apache.catalina.core.ApplicationContext.log Manager: list: Listing contexts for virtual host 'localhost'
10-Apr-2024 13:52:34.475 INFO [http-nio-8080-exec-42] org.apache.catalina.core.ApplicationContext.log Manager: list: Listing contexts for virtual host 'localhost'
10-Apr-2024 13:52:35.215 INFO [http-nio-8080-exec-43] org.apache.catalina.core.ApplicationContext.log Manager: list: Listing contexts for virtual host 'localhost'
10-Apr-2024 13:52:35.215 INFO [http-nio-8080-exec-30] org.apache.catalina.core.ApplicationContext.log Manager: list: Listing contexts for virtual host 'localhost'
10-Apr-2024 13:52:35.645 INFO [http-nio-8080-exec-31] org.apache.catalina.core.ApplicationContext.log Manager: list: Listing contexts for virtual host 'localhost'
10-Apr-2024 13:52:35.660 INFO [http-nio-8080-exec-43] org.apache.catalina.core.ApplicationContext.log Manager: list: Listing contexts for virtual host 'localhost'
10-Apr-2024 13:52:36.034 INFO [http-nio-8080-exec-42] org.apache.catalina.core.ApplicationContext.log Manager: list: Listing contexts for virtual host 'localhost'
10-Apr-2024 13:52:36.037 INFO [http-nio-8080-exec-37] org.apache.catalina.core.ApplicationContext.log Manager: list: Listing contexts for virtual host 'localhost'
10-Apr-2024 13:52:36.384 INFO [http-nio-8080-exec-44] org.apache.catalina.core.ApplicationContext.log Manager: list: Listing contexts for virtual host 'localhost'
10-Apr-2024 13:52:36.384 INFO [http-nio-8080-exec-31] org.apache.catalina.core.ApplicationContext.log Manager: list: Listing contexts for virtual host 'localhost'
10-Apr-2024 13:52:36.747 INFO [http-nio-8080-exec-43] org.apache.catalina.core.ApplicationContext.log Manager: list: Listing contexts for virtual host 'localhost'
10-Apr-2024 13:52:36.749 INFO [http-nio-8080-exec-36] org.apache.catalina.core.ApplicationContext.log Manager: list: Listing contexts for virtual host 'localhost'
10-Apr-2024 13:52:47.722 INFO [http-nio-8080-exec-45] org.apache.catalina.core.ApplicationContext.log Manager: list: Listing contexts for virtual host 'localhost'
10-Apr-2024 13:52:47.722 INFO [http-nio-8080-exec-43] org.apache.catalina.core.ApplicationContext.log Manager: list: Listing contexts for virtual host 'localhost'
10-Apr-2024 13:53:12.372 INFO [http-nio-8080-exec-47] org.apache.catalina.core.ApplicationContext.log Manager: list: Listing contexts for virtual host 'localhost'
10-Apr-2024 13:53:12.372 INFO [http-nio-8080-exec-45] org.apache.catalina.core.ApplicationContext.log Manager: list: Listing contexts for virtual host 'localhost'
10-Apr-2024 13:53:18.755 INFO [http-nio-8080-exec-48] org.apache.catalina.core.ApplicationContext.log Manager: list: Listing contexts for virtual host 'localhost'
10-Apr-2024 13:53:18.759 INFO [http-nio-8080-exec-47] org.apache.catalina.core.ApplicationContext.log Manager: list: Listing contexts for virtual host 'localhost'
10-Apr-2024 13:53:25.978 INFO [http-nio-8080-exec-43] org.apache.catalina.core.ApplicationContext.log Manager: list: Listing contexts for virtual host 'localhost'
10-Apr-2024 13:53:25.993 INFO [http-nio-8080-exec-48] org.apache.catalina.core.ApplicationContext.log Manager: list: Listing contexts for virtual host 'localhost'
10-Apr-2024 13:53:29.008 INFO [http-nio-8080-exec-44] org.apache.catalina.core.ApplicationContext.log Manager: list: Listing contexts for virtual host 'localhost'
10-Apr-2024 13:53:29.026 INFO [http-nio-8080-exec-46] org.apache.catalina.core.ApplicationContext.log Manager: list: Listing contexts for virtual host 'localhost'
10-Apr-2024 13:53:29.891 INFO [http-nio-8080-exec-47] org.apache.catalina.core.ApplicationContext.log Manager: list: Listing contexts for virtual host 'localhost'
10-Apr-2024 13:53:29.893 INFO [http-nio-8080-exec-44] org.apache.catalina.core.ApplicationContext.log Manager: list: Listing contexts for virtual host 'localhost'
10-Apr-2024 13:53:30.263 INFO [http-nio-8080-exec-46] org.apache.catalina.core.ApplicationContext.log Manager: list: Listing contexts for virtual host 'localhost'
10-Apr-2024 13:53:30.266 INFO [http-nio-8080-exec-51] org.apache.catalina.core.ApplicationContext.log Manager: list: Listing contexts for virtual host 'localhost'
10-Apr-2024 13:54:33.481 INFO [http-nio-8080-exec-49] org.apache.catalina.core.ApplicationContext.log Manager: list: Listing contexts for virtual host 'localhost'
10-Apr-2024 13:54:33.481 INFO [http-nio-8080-exec-47] org.apache.catalina.core.ApplicationContext.log Manager: list: Listing contexts for virtual host 'localhost'
10-Apr-2024 13:54:44.594 INFO [http-nio-8080-exec-50] org.apache.catalina.core.ApplicationContext.log Manager: list: Listing contexts for virtual host 'localhost'
10-Apr-2024 13:54:44.595 INFO [http-nio-8080-exec-49] org.apache.catalina.core.ApplicationContext.log Manager: list: Listing contexts for virtual host 'localhost'
10-Apr-2024 13:56:29.667 INFO [http-nio-8080-exec-44] org.apache.catalina.core.ApplicationContext.log Manager: list: Listing contexts for virtual host 'localhost'
10-Apr-2024 13:56:29.669 INFO [http-nio-8080-exec-46] org.apache.catalina.core.ApplicationContext.log Manager: list: Listing contexts for virtual host 'localhost'
10-Apr-2024 13:56:30.271 INFO [http-nio-8080-exec-47] org.apache.catalina.core.ApplicationContext.log Manager: list: Listing contexts for virtual host 'localhost'
10-Apr-2024 13:56:30.273 INFO [http-nio-8080-exec-50] org.apache.catalina.core.ApplicationContext.log Manager: list: Listing contexts for virtual host 'localhost'
10-Apr-2024 13:56:30.641 INFO [http-nio-8080-exec-51] org.apache.catalina.core.ApplicationContext.log Manager: list: Listing contexts for virtual host 'localhost'
10-Apr-2024 13:56:30.652 INFO [http-nio-8080-exec-47] org.apache.catalina.core.ApplicationContext.log Manager: list: Listing contexts for virtual host 'localhost'
10-Apr-2024 13:56:31.007 INFO [http-nio-8080-exec-45] org.apache.catalina.core.ApplicationContext.log Manager: list: Listing contexts for virtual host 'localhost'
10-Apr-2024 13:56:31.007 INFO [http-nio-8080-exec-42] org.apache.catalina.core.ApplicationContext.log Manager: list: Listing contexts for virtual host 'localhost'
10-Apr-2024 13:56:31.926 INFO [http-nio-8080-exec-44] org.apache.catalina.core.ApplicationContext.log Manager: list: Listing contexts for virtual host 'localhost'
10-Apr-2024 13:56:31.927 INFO [http-nio-8080-exec-45] org.apache.catalina.core.ApplicationContext.log Manager: list: Listing contexts for virtual host 'localhost'
10-Apr-2024 13:56:32.791 INFO [http-nio-8080-exec-47] org.apache.catalina.core.ApplicationContext.log Manager: list: Listing contexts for virtual host 'localhost'
10-Apr-2024 13:56:32.806 INFO [http-nio-8080-exec-44] org.apache.catalina.core.ApplicationContext.log Manager: list: Listing contexts for virtual host 'localhost'
10-Apr-2024 13:56:33.655 INFO [http-nio-8080-exec-43] org.apache.catalina.core.ApplicationContext.log Manager: list: Listing contexts for virtual host 'localhost'
10-Apr-2024 13:56:33.658 INFO [http-nio-8080-exec-47] org.apache.catalina.core.ApplicationContext.log Manager: list: Listing contexts for virtual host 'localhost'
10-Apr-2024 13:56:34.529 INFO [http-nio-8080-exec-45] org.apache.catalina.core.ApplicationContext.log Manager: list: Listing contexts for virtual host 'localhost'
10-Apr-2024 13:56:34.544 INFO [http-nio-8080-exec-43] org.apache.catalina.core.ApplicationContext.log Manager: list: Listing contexts for virtual host 'localhost'
10-Apr-2024 13:56:35.019 INFO [http-nio-8080-exec-44] org.apache.catalina.core.ApplicationContext.log Manager: list: Listing contexts for virtual host 'localhost'
10-Apr-2024 13:56:35.022 INFO [http-nio-8080-exec-45] org.apache.catalina.core.ApplicationContext.log Manager: list: Listing contexts for virtual host 'localhost'
10-Apr-2024 13:56:36.152 INFO [http-nio-8080-exec-47] org.apache.catalina.core.ApplicationContext.log Manager: list: Listing contexts for virtual host 'localhost'
10-Apr-2024 13:56:36.154 INFO [http-nio-8080-exec-44] org.apache.catalina.core.ApplicationContext.log Manager: list: Listing contexts for virtual host 'localhost'
10-Apr-2024 13:56:37.170 INFO [http-nio-8080-exec-43] org.apache.catalina.core.ApplicationContext.log Manager: list: Listing contexts for virtual host 'localhost'
10-Apr-2024 13:56:37.170 INFO [http-nio-8080-exec-47] org.apache.catalina.core.ApplicationContext.log Manager: list: Listing contexts for virtual host 'localhost'
10-Apr-2024 13:56:37.990 INFO [http-nio-8080-exec-46] org.apache.catalina.core.ApplicationContext.log Manager: list: Listing contexts for virtual host 'localhost'
10-Apr-2024 13:56:37.993 INFO [http-nio-8080-exec-50] org.apache.catalina.core.ApplicationContext.log Manager: list: Listing contexts for virtual host 'localhost'
10-Apr-2024 14:02:08.059 INFO [http-nio-8080-exec-51] org.apache.catalina.core.ApplicationContext.log Manager: list: Listing contexts for virtual host 'localhost'
10-Apr-2024 14:02:08.059 INFO [http-nio-8080-exec-49] org.apache.catalina.core.ApplicationContext.log Manager: undeploy: Undeploying web application at '/W10 - 2-AuthorsJSP'
10-Apr-2024 14:02:08.579 INFO [http-nio-8080-exec-51] org.apache.catalina.core.ApplicationContext.log Manager: install: Installing context configuration at 'file:/C:/Users/ahmad/AppData/Local/Temp/context16307773196933183192.xml'
10-Apr-2024 14:02:09.268 INFO [http-nio-8080-exec-43] org.apache.catalina.core.ApplicationContext.log Manager: start: Starting web application '/W10 - 2-AuthorsJSP'
10-Apr-2024 14:03:29.905 INFO [http-nio-8080-exec-4] org.apache.catalina.core.ApplicationContext.log Manager: init: Associated with Deployer 'Catalina:type=Deployer,host=localhost'
10-Apr-2024 14:03:29.905 INFO [http-nio-8080-exec-4] org.apache.catalina.core.ApplicationContext.log Manager: init: Global resources are available
10-Apr-2024 14:04:54.232 INFO [http-nio-8080-exec-8] org.apache.catalina.core.ApplicationContext.log Manager: list: Listing contexts for virtual host 'localhost'
10-Apr-2024 14:04:54.236 INFO [http-nio-8080-exec-6] org.apache.catalina.core.ApplicationContext.log Manager: restart: Reloading web application '/W10 - 2-AuthorsJSP'
10-Apr-2024 14:16:54.648 INFO [http-nio-8080-exec-20] org.apache.catalina.core.ApplicationContext.log Manager: list: Listing contexts for virtual host 'localhost'
10-Apr-2024 14:16:54.668 INFO [http-nio-8080-exec-14] org.apache.catalina.core.ApplicationContext.log Manager: list: Listing contexts for virtual host 'localhost'
10-Apr-2024 14:16:54.686 INFO [http-nio-8080-exec-16] org.apache.catalina.core.ApplicationContext.log Manager: restart: Reloading web application '/W10 - 2-AuthorsJSP'
10-Apr-2024 14:40:08.581 INFO [http-nio-8080-exec-25] org.apache.catalina.core.ApplicationContext.log Manager: list: Listing contexts for virtual host 'localhost'
10-Apr-2024 14:40:08.597 INFO [http-nio-8080-exec-26] org.apache.catalina.core.ApplicationContext.log Manager: list: Listing contexts for virtual host 'localhost'
10-Apr-2024 14:41:54.735 INFO [http-nio-8080-exec-24] org.apache.catalina.core.ApplicationContext.log Manager: list: Listing contexts for virtual host 'localhost'
10-Apr-2024 14:41:54.752 INFO [http-nio-8080-exec-26] org.apache.catalina.core.ApplicationContext.log Manager: undeploy: Undeploying web application at '/fwr'
10-Apr-2024 14:41:55.304 INFO [http-nio-8080-exec-22] org.apache.catalina.core.ApplicationContext.log Manager: install: Installing context configuration at 'file:/C:/Users/ahmad/AppData/Local/Temp/context9537418263941884691.xml'
10-Apr-2024 14:42:02.245 INFO [http-nio-8080-exec-32] org.apache.catalina.core.ApplicationContext.log Manager: list: Listing contexts for virtual host 'localhost'
10-Apr-2024 14:42:02.248 INFO [http-nio-8080-exec-24] org.apache.catalina.core.ApplicationContext.log Manager: list: Listing contexts for virtual host 'localhost'
10-Apr-2024 14:42:02.253 INFO [http-nio-8080-exec-25] org.apache.catalina.core.ApplicationContext.log Manager: undeploy: Undeploying web application at '/fwr'
10-Apr-2024 14:42:02.779 INFO [http-nio-8080-exec-23] org.apache.catalina.core.ApplicationContext.log Manager: install: Installing context configuration at 'file:/C:/Users/ahmad/AppData/Local/Temp/context15620216019176653267.xml'
10-Apr-2024 14:42:03.169 INFO [http-nio-8080-exec-22] org.apache.catalina.core.ApplicationContext.log Manager: start: Starting web application '/FoodWasteReductionPlatform'
10-Apr-2024 14:42:09.632 INFO [http-nio-8080-exec-33] org.apache.catalina.core.ApplicationContext.log Manager: list: Listing contexts for virtual host 'localhost'
10-Apr-2024 14:42:09.635 INFO [http-nio-8080-exec-29] org.apache.catalina.core.ApplicationContext.log Manager: list: Listing contexts for virtual host 'localhost'
10-Apr-2024 14:42:09.813 INFO [http-nio-8080-exec-23] org.apache.catalina.core.ApplicationContext.log Manager: list: Listing contexts for virtual host 'localhost'
10-Apr-2024 14:42:09.815 INFO [http-nio-8080-exec-24] org.apache.catalina.core.ApplicationContext.log Manager: list: Listing contexts for virtual host 'localhost'
10-Apr-2024 14:42:10.173 INFO [http-nio-8080-exec-29] org.apache.catalina.core.ApplicationContext.log Manager: list: Listing contexts for virtual host 'localhost'
10-Apr-2024 14:42:10.176 INFO [http-nio-8080-exec-32] org.apache.catalina.core.ApplicationContext.log Manager: list: Listing contexts for virtual host 'localhost'
10-Apr-2024 14:42:12.668 INFO [http-nio-8080-exec-34] org.apache.catalina.core.ApplicationContext.log Manager: list: Listing contexts for virtual host 'localhost'
10-Apr-2024 14:42:12.670 INFO [http-nio-8080-exec-29] org.apache.catalina.core.ApplicationContext.log Manager: list: Listing contexts for virtual host 'localhost'
10-Apr-2024 14:42:14.038 INFO [http-nio-8080-exec-33] org.apache.catalina.core.ApplicationContext.log Manager: list: Listing contexts for virtual host 'localhost'
10-Apr-2024 14:42:14.038 INFO [http-nio-8080-exec-35] org.apache.catalina.core.ApplicationContext.log Manager: list: Listing contexts for virtual host 'localhost'
10-Apr-2024 14:42:16.967 INFO [http-nio-8080-exec-25] org.apache.catalina.core.ApplicationContext.log Manager: list: Listing contexts for virtual host 'localhost'
10-Apr-2024 14:42:16.969 INFO [http-nio-8080-exec-31] org.apache.catalina.core.ApplicationContext.log Manager: list: Listing contexts for virtual host 'localhost'
10-Apr-2024 14:42:20.563 INFO [http-nio-8080-exec-37] org.apache.catalina.core.ApplicationContext.log Manager: list: Listing contexts for virtual host 'localhost'
10-Apr-2024 14:42:20.564 INFO [http-nio-8080-exec-31] org.apache.catalina.core.ApplicationContext.log Manager: list: Listing contexts for virtual host 'localhost'
10-Apr-2024 14:42:25.319 INFO [http-nio-8080-exec-36] org.apache.catalina.core.ApplicationContext.log Manager: list: Listing contexts for virtual host 'localhost'
10-Apr-2024 14:42:25.319 INFO [http-nio-8080-exec-31] org.apache.catalina.core.ApplicationContext.log Manager: list: Listing contexts for virtual host 'localhost'
10-Apr-2024 14:44:45.529 INFO [http-nio-8080-exec-36] org.apache.catalina.core.ApplicationContext.log Manager: list: Listing contexts for virtual host 'localhost'
10-Apr-2024 14:44:48.959 INFO [http-nio-8080-exec-34] org.apache.catalina.core.ApplicationContext.log Manager: list: Listing contexts for virtual host 'localhost'
10-Apr-2024 14:44:48.959 INFO [http-nio-8080-exec-41] org.apache.catalina.core.ApplicationContext.log Manager: list: Listing contexts for virtual host 'localhost'
10-Apr-2024 14:44:50.806 INFO [http-nio-8080-exec-33] org.apache.catalina.core.ApplicationContext.log Manager: list: Listing contexts for virtual host 'localhost'
10-Apr-2024 14:44:50.806 INFO [http-nio-8080-exec-39] org.apache.catalina.core.ApplicationContext.log Manager: list: Listing contexts for virtual host 'localhost'
10-Apr-2024 14:44:51.353 INFO [http-nio-8080-exec-37] org.apache.catalina.core.ApplicationContext.log Manager: list: Listing contexts for virtual host 'localhost'
10-Apr-2024 14:44:51.355 INFO [http-nio-8080-exec-35] org.apache.catalina.core.ApplicationContext.log Manager: list: Listing contexts for virtual host 'localhost'
10-Apr-2024 14:44:51.535 INFO [http-nio-8080-exec-39] org.apache.catalina.core.ApplicationContext.log Manager: list: Listing contexts for virtual host 'localhost'
10-Apr-2024 14:44:51.537 INFO [http-nio-8080-exec-37] org.apache.catalina.core.ApplicationContext.log Manager: list: Listing contexts for virtual host 'localhost'
10-Apr-2024 14:44:52.374 INFO [http-nio-8080-exec-42] org.apache.catalina.core.ApplicationContext.log Manager: list: Listing contexts for virtual host 'localhost'
10-Apr-2024 14:44:52.377 INFO [http-nio-8080-exec-36] org.apache.catalina.core.ApplicationContext.log Manager: undeploy: Undeploying web application at '/FoodWasteReductionPlatform'
10-Apr-2024 14:45:12.121 INFO [http-nio-8080-exec-43] org.apache.catalina.core.ApplicationContext.log Manager: list: Listing contexts for virtual host 'localhost'
10-Apr-2024 14:45:12.123 INFO [http-nio-8080-exec-35] org.apache.catalina.core.ApplicationContext.log Manager: list: Listing contexts for virtual host 'localhost'
10-Apr-2024 14:45:12.125 INFO [http-nio-8080-exec-41] org.apache.catalina.core.ApplicationContext.log Manager: install: Installing context configuration at 'file:/C:/Users/ahmad/AppData/Local/Temp/context10780008299874800694.xml'
10-Apr-2024 14:45:12.535 INFO [http-nio-8080-exec-34] org.apache.catalina.core.ApplicationContext.log Manager: start: Starting web application '/FoodWasteReductionPlatform'
10-Apr-2024 14:45:14.153 INFO [http-nio-8080-exec-44] org.apache.catalina.core.ApplicationContext.log Manager: list: Listing contexts for virtual host 'localhost'
10-Apr-2024 14:45:14.154 INFO [http-nio-8080-exec-35] org.apache.catalina.core.ApplicationContext.log Manager: list: Listing contexts for virtual host 'localhost'
10-Apr-2024 14:45:14.824 INFO [http-nio-8080-exec-43] org.apache.catalina.core.ApplicationContext.log Manager: list: Listing contexts for virtual host 'localhost'
10-Apr-2024 14:45:14.826 INFO [http-nio-8080-exec-35] org.apache.catalina.core.ApplicationContext.log Manager: list: Listing contexts for virtual host 'localhost'
10-Apr-2024 14:45:15.144 INFO [http-nio-8080-exec-33] org.apache.catalina.core.ApplicationContext.log Manager: list: Listing contexts for virtual host 'localhost'
10-Apr-2024 14:45:15.144 INFO [http-nio-8080-exec-43] org.apache.catalina.core.ApplicationContext.log Manager: list: Listing contexts for virtual host 'localhost'
10-Apr-2024 14:45:15.491 INFO [http-nio-8080-exec-46] org.apache.catalina.core.ApplicationContext.log Manager: list: Listing contexts for virtual host 'localhost'
10-Apr-2024 14:45:15.494 INFO [http-nio-8080-exec-33] org.apache.catalina.core.ApplicationContext.log Manager: list: Listing contexts for virtual host 'localhost'
10-Apr-2024 14:45:16.048 INFO [http-nio-8080-exec-45] org.apache.catalina.core.ApplicationContext.log Manager: list: Listing contexts for virtual host 'localhost'
10-Apr-2024 14:45:16.050 INFO [http-nio-8080-exec-35] org.apache.catalina.core.ApplicationContext.log Manager: list: Listing contexts for virtual host 'localhost'
10-Apr-2024 14:45:16.450 INFO [http-nio-8080-exec-41] org.apache.catalina.core.ApplicationContext.log Manager: list: Listing contexts for virtual host 'localhost'
10-Apr-2024 14:45:16.452 INFO [http-nio-8080-exec-44] org.apache.catalina.core.ApplicationContext.log Manager: list: Listing contexts for virtual host 'localhost'
10-Apr-2024 14:45:16.811 INFO [http-nio-8080-exec-47] org.apache.catalina.core.ApplicationContext.log Manager: list: Listing contexts for virtual host 'localhost'
10-Apr-2024 14:45:16.821 INFO [http-nio-8080-exec-41] org.apache.catalina.core.ApplicationContext.log Manager: list: Listing contexts for virtual host 'localhost'
10-Apr-2024 14:46:44.930 INFO [http-nio-8080-exec-3] org.apache.catalina.core.ApplicationContext.log Manager: init: Associated with Deployer 'Catalina:type=Deployer,host=localhost'
10-Apr-2024 14:46:44.930 INFO [http-nio-8080-exec-3] org.apache.catalina.core.ApplicationContext.log Manager: init: Global resources are available
10-Apr-2024 14:46:44.940 INFO [http-nio-8080-exec-10] org.apache.catalina.core.ApplicationContext.log Manager: list: Listing contexts for virtual host 'localhost'
10-Apr-2024 14:46:44.944 INFO [http-nio-8080-exec-4] org.apache.catalina.core.ApplicationContext.log Manager: list: Listing contexts for virtual host 'localhost'
10-Apr-2024 14:48:23.596 INFO [http-nio-8080-exec-5] org.apache.catalina.core.ApplicationContext.log Manager: list: Listing contexts for virtual host 'localhost'
10-Apr-2024 14:48:23.596 INFO [http-nio-8080-exec-8] org.apache.catalina.core.ApplicationContext.log Manager: restart: Reloading web application '/FoodWasteReductionPlatform'
10-Apr-2024 14:48:47.105 INFO [http-nio-8080-exec-12] org.apache.catalina.core.ApplicationContext.log Manager: list: Listing contexts for virtual host 'localhost'
10-Apr-2024 14:48:47.113 INFO [http-nio-8080-exec-1] org.apache.catalina.core.ApplicationContext.log Manager: restart: Reloading web application '/FoodWasteReductionPlatform'
10-Apr-2024 14:48:52.135 INFO [http-nio-8080-exec-5] org.apache.catalina.core.ApplicationContext.log Manager: list: Listing contexts for virtual host 'localhost'
10-Apr-2024 14:48:52.139 INFO [http-nio-8080-exec-2] org.apache.catalina.core.ApplicationContext.log Manager: restart: Reloading web application '/FoodWasteReductionPlatform'
10-Apr-2024 15:04:25.586 INFO [http-nio-8080-exec-14] org.apache.catalina.core.ApplicationContext.log Manager: list: Listing contexts for virtual host 'localhost'
10-Apr-2024 18:23:08.036 INFO [http-nio-8080-exec-7] org.apache.catalina.core.ApplicationContext.log Manager: init: Associated with Deployer 'Catalina:type=Deployer,host=localhost'
10-Apr-2024 18:23:08.037 INFO [http-nio-8080-exec-7] org.apache.catalina.core.ApplicationContext.log Manager: init: Global resources are available
10-Apr-2024 18:23:08.074 INFO [http-nio-8080-exec-3] org.apache.catalina.core.ApplicationContext.log Manager: list: Listing contexts for virtual host 'localhost'
10-Apr-2024 18:23:08.084 INFO [http-nio-8080-exec-10] org.apache.catalina.core.ApplicationContext.log Manager: undeploy: Undeploying web application at '/FoodWasteReductionPlatform'
10-Apr-2024 18:23:08.610 INFO [http-nio-8080-exec-3] org.apache.catalina.core.ApplicationContext.log Manager: install: Installing context configuration at 'file:/C:/Users/visitor/AppData/Local/Temp/context3255149370456743958.xml'
10-Apr-2024 18:23:09.380 INFO [http-nio-8080-exec-1] org.apache.catalina.core.ApplicationContext.log Manager: start: Starting web application '/FoodWasteReductionPlatform'
10-Apr-2024 18:23:54.687 INFO [http-nio-8080-exec-17] org.apache.catalina.core.ApplicationContext.log Manager: list: Listing contexts for virtual host 'localhost'
10-Apr-2024 18:23:55.997 INFO [http-nio-8080-exec-9] org.apache.catalina.core.ApplicationContext.log Manager: list: Listing contexts for virtual host 'localhost'
10-Apr-2024 18:23:55.997 INFO [http-nio-8080-exec-14] org.apache.catalina.core.ApplicationContext.log Manager: list: Listing contexts for virtual host 'localhost'
10-Apr-2024 18:25:22.262 INFO [http-nio-8080-exec-6] org.apache.catalina.core.ApplicationContext.log Manager: init: Associated with Deployer 'Catalina:type=Deployer,host=localhost'
10-Apr-2024 18:25:22.262 INFO [http-nio-8080-exec-6] org.apache.catalina.core.ApplicationContext.log Manager: init: Global resources are available
10-Apr-2024 18:25:46.787 INFO [http-nio-8080-exec-3] org.apache.catalina.core.ApplicationContext.log Manager: list: Listing contexts for virtual host 'localhost'
10-Apr-2024 18:25:46.790 INFO [http-nio-8080-exec-10] org.apache.catalina.core.ApplicationContext.log Manager: list: Listing contexts for virtual host 'localhost'
10-Apr-2024 18:29:37.618 INFO [http-nio-8080-exec-8] org.apache.catalina.core.ApplicationContext.log Manager: list: Listing contexts for virtual host 'localhost'
10-Apr-2024 18:29:37.622 INFO [http-nio-8080-exec-2] org.apache.catalina.core.ApplicationContext.log Manager: list: Listing contexts for virtual host 'localhost'
10-Apr-2024 18:29:42.548 INFO [http-nio-8080-exec-4] org.apache.catalina.core.ApplicationContext.log Manager: list: Listing contexts for virtual host 'localhost'
10-Apr-2024 18:29:42.552 INFO [http-nio-8080-exec-9] org.apache.catalina.core.ApplicationContext.log Manager: undeploy: Undeploying web application at '/FoodWasteReductionPlatform'
10-Apr-2024 18:29:49.260 INFO [http-nio-8080-exec-1] org.apache.catalina.core.ApplicationContext.log Manager: list: Listing contexts for virtual host 'localhost'
10-Apr-2024 18:29:49.264 INFO [http-nio-8080-exec-7] org.apache.catalina.core.ApplicationContext.log Manager: list: Listing contexts for virtual host 'localhost'
10-Apr-2024 18:29:49.277 INFO [http-nio-8080-exec-4] org.apache.catalina.core.ApplicationContext.log Manager: install: Installing context configuration at 'file:/C:/Users/visitor/AppData/Local/Temp/context6262192118374741788.xml'
10-Apr-2024 18:29:50.097 INFO [http-nio-8080-exec-5] org.apache.catalina.core.ApplicationContext.log Manager: start: Starting web application '/FoodWasteReductionPlatform'
10-Apr-2024 18:30:54.600 INFO [http-nio-8080-exec-13] org.apache.catalina.core.ApplicationContext.log Manager: list: Listing contexts for virtual host 'localhost'
10-Apr-2024 18:30:54.604 INFO [http-nio-8080-exec-11] org.apache.catalina.core.ApplicationContext.log Manager: list: Listing contexts for virtual host 'localhost'
10-Apr-2024 19:15:43.480 INFO [http-nio-8080-exec-20] org.apache.catalina.core.ApplicationContext.log Manager: list: Listing contexts for virtual host 'localhost'
10-Apr-2024 19:15:43.480 INFO [http-nio-8080-exec-17] org.apache.catalina.core.ApplicationContext.log Manager: list: Listing contexts for virtual host 'localhost'
10-Apr-2024 19:17:21.912 INFO [http-nio-8080-exec-14] org.apache.catalina.core.ApplicationContext.log Manager: list: Listing contexts for virtual host 'localhost'
10-Apr-2024 19:17:21.915 INFO [http-nio-8080-exec-17] org.apache.catalina.core.ApplicationContext.log Manager: list: Listing contexts for virtual host 'localhost'
10-Apr-2024 19:18:31.167 INFO [http-nio-8080-exec-15] org.apache.catalina.core.ApplicationContext.log Manager: list: Listing contexts for virtual host 'localhost'
10-Apr-2024 19:18:31.175 INFO [http-nio-8080-exec-17] org.apache.catalina.core.ApplicationContext.log Manager: restart: Reloading web application '/FoodWasteReductionPlatform'
10-Apr-2024 19:25:39.335 INFO [http-nio-8080-exec-18] org.apache.catalina.core.ApplicationContext.log Manager: list: Listing contexts for virtual host 'localhost'
10-Apr-2024 19:25:39.342 INFO [http-nio-8080-exec-28] org.apache.catalina.core.ApplicationContext.log Manager: undeploy: Undeploying web application at '/FoodWasteReductionPlatform'
10-Apr-2024 19:25:41.690 INFO [http-nio-8080-exec-18] org.apache.catalina.core.ApplicationContext.log Manager: list: Listing contexts for virtual host 'localhost'
10-Apr-2024 19:25:41.693 INFO [http-nio-8080-exec-21] org.apache.catalina.core.ApplicationContext.log Manager: list: Listing contexts for virtual host 'localhost'
10-Apr-2024 19:25:41.700 INFO [http-nio-8080-exec-23] org.apache.catalina.core.ApplicationContext.log Manager: install: Installing context configuration at 'file:/C:/Users/visitor/AppData/Local/Temp/context5810243727816939739.xml'
10-Apr-2024 19:25:42.537 INFO [http-nio-8080-exec-28] org.apache.catalina.core.ApplicationContext.log Manager: start: Starting web application '/FoodWasteReductionPlatform'
10-Apr-2024 19:30:09.652 INFO [http-nio-8080-exec-38] org.apache.catalina.core.ApplicationContext.log Manager: list: Listing contexts for virtual host 'localhost'
10-Apr-2024 19:30:09.661 INFO [http-nio-8080-exec-37] org.apache.catalina.core.ApplicationContext.log Manager: undeploy: Undeploying web application at '/W10 - 2-AuthorsJSP'
10-Apr-2024 19:30:10.185 INFO [http-nio-8080-exec-34] org.apache.catalina.core.ApplicationContext.log Manager: install: Installing context configuration at 'file:/C:/Users/visitor/AppData/Local/Temp/context5083832871513607397.xml'
10-Apr-2024 19:30:10.724 INFO [http-nio-8080-exec-30] org.apache.catalina.core.ApplicationContext.log Manager: start: Starting web application '/W10 - 2-AuthorsJSP'
10-Apr-2024 19:31:30.263 INFO [http-nio-8080-exec-41] org.apache.catalina.core.ApplicationContext.log Manager: list: Listing contexts for virtual host 'localhost'
10-Apr-2024 19:31:48.660 INFO [http-nio-8080-exec-44] org.apache.catalina.core.ApplicationContext.log Manager: list: Listing contexts for virtual host 'localhost'
10-Apr-2024 19:31:48.663 INFO [http-nio-8080-exec-47] org.apache.catalina.core.ApplicationContext.log Manager: list: Listing contexts for virtual host 'localhost'
10-Apr-2024 19:34:28.890 INFO [http-nio-8080-exec-41] org.apache.catalina.core.ApplicationContext.log Manager: list: Listing contexts for virtual host 'localhost'
10-Apr-2024 19:34:29.219 INFO [http-nio-8080-exec-49] org.apache.catalina.core.ApplicationContext.log Manager: list: Listing contexts for virtual host 'localhost'
10-Apr-2024 19:34:29.598 INFO [http-nio-8080-exec-45] org.apache.catalina.core.ApplicationContext.log Manager: list: Listing contexts for virtual host 'localhost'
10-Apr-2024 19:34:29.610 INFO [http-nio-8080-exec-44] org.apache.catalina.core.ApplicationContext.log Manager: restart: Reloading web application '/W10 - 2-AuthorsJSP'
10-Apr-2024 19:34:30.788 INFO [http-nio-8080-exec-49] org.apache.catalina.core.ApplicationContext.log Manager: list: Listing contexts for virtual host 'localhost'
10-Apr-2024 19:34:30.826 INFO [http-nio-8080-exec-40] org.apache.catalina.core.ApplicationContext.log Manager: list: Listing contexts for virtual host 'localhost'
10-Apr-2024 19:34:33.049 INFO [http-nio-8080-exec-49] org.apache.catalina.core.ApplicationContext.log Manager: list: Listing contexts for virtual host 'localhost'
10-Apr-2024 19:34:33.100 INFO [http-nio-8080-exec-46] org.apache.catalina.core.ApplicationContext.log Manager: list: Listing contexts for virtual host 'localhost'
10-Apr-2024 19:34:35.214 INFO [http-nio-8080-exec-49] org.apache.catalina.core.ApplicationContext.log Manager: list: Listing contexts for virtual host 'localhost'
10-Apr-2024 19:34:35.258 INFO [http-nio-8080-exec-46] org.apache.catalina.core.ApplicationContext.log Manager: list: Listing contexts for virtual host 'localhost'
10-Apr-2024 19:34:43.141 INFO [http-nio-8080-exec-53] org.apache.catalina.core.ApplicationContext.log Manager: list: Listing contexts for virtual host 'localhost'
10-Apr-2024 19:34:43.149 INFO [http-nio-8080-exec-51] org.apache.catalina.core.ApplicationContext.log Manager: restart: Reloading web application '/W10 - 2-AuthorsJSP'
10-Apr-2024 19:34:44.279 INFO [http-nio-8080-exec-53] org.apache.catalina.core.ApplicationContext.log Manager: list: Listing contexts for virtual host 'localhost'
10-Apr-2024 19:34:44.295 INFO [http-nio-8080-exec-46] org.apache.catalina.core.ApplicationContext.log Manager: restart: Reloading web application '/W10 - 2-AuthorsJSP'
10-Apr-2024 19:34:47.907 INFO [http-nio-8080-exec-55] org.apache.catalina.core.ApplicationContext.log Manager: list: Listing contexts for virtual host 'localhost'
10-Apr-2024 19:34:47.912 INFO [http-nio-8080-exec-43] org.apache.catalina.core.ApplicationContext.log Manager: list: Listing contexts for virtual host 'localhost'
10-Apr-2024 19:34:47.938 INFO [http-nio-8080-exec-48] org.apache.catalina.core.ApplicationContext.log Manager: restart: Reloading web application '/W10 - 2-AuthorsJSP'
10-Apr-2024 19:35:46.423 INFO [http-nio-8080-exec-43] org.apache.catalina.core.ApplicationContext.log Manager: list: Listing contexts for virtual host 'localhost'
10-Apr-2024 19:35:46.433 INFO [http-nio-8080-exec-55] org.apache.catalina.core.ApplicationContext.log Manager: stop: Stopping web application '/W10 - 2-AuthorsJSP'
10-Apr-2024 19:35:46.442 INFO [http-nio-8080-exec-48] org.apache.catalina.core.ApplicationContext.log Manager: start: Starting web application '/W10 - 2-AuthorsJSP'
10-Apr-2024 19:35:48.715 INFO [http-nio-8080-exec-60] org.apache.catalina.core.ApplicationContext.log Manager: list: Listing contexts for virtual host 'localhost'
10-Apr-2024 19:35:48.723 INFO [http-nio-8080-exec-55] org.apache.catalina.core.ApplicationContext.log Manager: list: Listing contexts for virtual host 'localhost'
10-Apr-2024 19:35:48.745 INFO [http-nio-8080-exec-58] org.apache.catalina.core.ApplicationContext.log Manager: stop: Stopping web application '/W10 - 2-AuthorsJSP'
10-Apr-2024 19:35:48.755 INFO [http-nio-8080-exec-57] org.apache.catalina.core.ApplicationContext.log Manager: start: Starting web application '/W10 - 2-AuthorsJSP'
10-Apr-2024 19:48:41.229 INFO [http-nio-8080-exec-68] org.apache.catalina.core.ApplicationContext.log Manager: list: Listing contexts for virtual host 'localhost'
10-Apr-2024 19:48:41.545 INFO [http-nio-8080-exec-69] org.apache.catalina.core.ApplicationContext.log Manager: list: Listing contexts for virtual host 'localhost'
10-Apr-2024 19:54:06.238 INFO [http-nio-8080-exec-67] org.apache.catalina.core.ApplicationContext.log Manager: list: Listing contexts for virtual host 'localhost'
10-Apr-2024 19:54:06.250 INFO [http-nio-8080-exec-64] org.apache.catalina.core.ApplicationContext.log Manager: list: Listing contexts for virtual host 'localhost'
10-Apr-2024 19:54:06.257 INFO [http-nio-8080-exec-65] org.apache.catalina.core.ApplicationContext.log Manager: install: Installing context configuration at 'file:/C:/Users/visitor/AppData/Local/Temp/context5045604235537252359.xml'
10-Apr-2024 19:54:06.663 INFO [http-nio-8080-exec-70] org.apache.catalina.core.ApplicationContext.log Manager: start: Starting web application '/fwr'
10-Apr-2024 19:54:10.825 INFO [http-nio-8080-exec-67] org.apache.catalina.core.ApplicationContext.log Manager: list: Listing contexts for virtual host 'localhost'
10-Apr-2024 19:54:10.827 INFO [http-nio-8080-exec-71] org.apache.catalina.core.ApplicationContext.log Manager: list: Listing contexts for virtual host 'localhost'
10-Apr-2024 19:54:11.711 INFO [http-nio-8080-exec-65] org.apache.catalina.core.ApplicationContext.log Manager: list: Listing contexts for virtual host 'localhost'
10-Apr-2024 19:54:11.713 INFO [http-nio-8080-exec-67] org.apache.catalina.core.ApplicationContext.log Manager: list: Listing contexts for virtual host 'localhost'
10-Apr-2024 19:54:12.055 INFO [http-nio-8080-exec-72] org.apache.catalina.core.ApplicationContext.log Manager: list: Listing contexts for virtual host 'localhost'
10-Apr-2024 19:54:12.058 INFO [http-nio-8080-exec-65] org.apache.catalina.core.ApplicationContext.log Manager: list: Listing contexts for virtual host 'localhost'
10-Apr-2024 19:54:12.389 INFO [http-nio-8080-exec-63] org.apache.catalina.core.ApplicationContext.log Manager: list: Listing contexts for virtual host 'localhost'
10-Apr-2024 19:54:12.391 INFO [http-nio-8080-exec-66] org.apache.catalina.core.ApplicationContext.log Manager: list: Listing contexts for virtual host 'localhost'
10-Apr-2024 19:54:12.777 INFO [http-nio-8080-exec-69] org.apache.catalina.core.ApplicationContext.log Manager: list: Listing contexts for virtual host 'localhost'
10-Apr-2024 19:54:12.781 INFO [http-nio-8080-exec-63] org.apache.catalina.core.ApplicationContext.log Manager: list: Listing contexts for virtual host 'localhost'
10-Apr-2024 19:54:13.046 INFO [http-nio-8080-exec-65] org.apache.catalina.core.ApplicationContext.log Manager: list: Listing contexts for virtual host 'localhost'
10-Apr-2024 19:54:13.050 INFO [http-nio-8080-exec-69] org.apache.catalina.core.ApplicationContext.log Manager: list: Listing contexts for virtual host 'localhost'
10-Apr-2024 19:54:20.399 INFO [http-nio-8080-exec-66] org.apache.catalina.core.ApplicationContext.log Manager: list: Listing contexts for virtual host 'localhost'
10-Apr-2024 19:54:20.401 INFO [http-nio-8080-exec-71] org.apache.catalina.core.ApplicationContext.log Manager: list: Listing contexts for virtual host 'localhost'
10-Apr-2024 19:56:43.287 INFO [http-nio-8080-exec-69] org.apache.catalina.core.ApplicationContext.log Manager: list: Listing contexts for virtual host 'localhost'
10-Apr-2024 19:56:43.290 INFO [http-nio-8080-exec-63] org.apache.catalina.core.ApplicationContext.log Manager: list: Listing contexts for virtual host 'localhost'
